<?xml version="1.0" encoding="UTF-8"?>
<testsuite name="LastPencilTest" tests="1" skipped="0" failures="0" errors="0" timestamp="2024-08-06T11:58:31" hostname="Tamass-MacBook-Air-2.local" time="0.069">
  <properties/>
  <testcase name="start" classname="LastPencilTest" time="0.069"/>
  <system-out><![CDATA[?[1;31m
Start test 1?[0m
How many pencils would you like to use:
> 1
Who will be the first (John, Jack):
?[1;31m
Start test 2?[0m
How many pencils would you like to use:
> 5
Who will be the first (John, Jack):
> John
|||||
?[1;31m
Start test 3?[0m
How many pencils would you like to use:
> 20
Who will be the first (John, Jack):
> John
||||||||||||||||||||
?[1;31m
Start test 4?[0m
How many pencils would you like to use:
> 300
Who will be the first (John, Jack):
> John
||||||||||||||||||||||||||||||||||||||||||||||||||||||||||||||||||||||||||||||||||||||||||||||||||||||||||||||||||||||||||||||||||||||||||||||||||||||||||||||||||||||||||||||||||||||||||||||||||||||||||||||||||||||||||||||||||||||||||||||||||||||||||||||||||||||||||||||||||||||||||||||||||||||||||||
?[1;31m
Start test 5?[0m
How many pencils would you like to use:
> 5
Who will be the first (John, Jack):
> Jack
|||||
?[1;31m
Start test 6?[0m
How many pencils would you like to use:
> 20
Who will be the first (John, Jack):
> Jack
||||||||||||||||||||
?[1;31m
Start test 7?[0m
How many pencils would you like to use:
> 300
Who will be the first (John, Jack):
> Jack
||||||||||||||||||||||||||||||||||||||||||||||||||||||||||||||||||||||||||||||||||||||||||||||||||||||||||||||||||||||||||||||||||||||||||||||||||||||||||||||||||||||||||||||||||||||||||||||||||||||||||||||||||||||||||||||||||||||||||||||||||||||||||||||||||||||||||||||||||||||||||||||||||||||||||||
]]></system-out>
  <system-err><![CDATA[]]></system-err>
</testsuite>
