<?xml version="1.0" encoding="UTF-8"?>
<testsuite name="BullsCowsTest" tests="1" skipped="0" failures="0" errors="0" timestamp="2024-09-04T20:49:03" hostname="Tamass-Air-2.home" time="0.429">
  <properties/>
  <testcase name="start" classname="BullsCowsTest" time="0.429"/>
  <system-out><![CDATA[?[1;31m
Start test 1?[0m
Input the length of the secret code:
> 1
Input the number of possible symbols in the code:
> 10
The secret is prepared: * (0-9, a-z).
0123456789
0
Okay, let's start a game!
Turn 1:
> 0
Grade: 1 bulls
Grade: 1 bulls
Congratulations! You guessed the secret code.
?[1;31m
Start test 2?[0m
Input the length of the secret code:
> 4
Input the number of possible symbols in the code:
> 10
The secret is prepared: **** (0-9, a-z).
0123456789
3695
Okay, let's start a game!
Turn 1:
> 0000
Grade: 0 bulls
Turn 2:
> 1111
Grade: 0 bulls
Turn 3:
> 2222
Grade: 0 bulls
Turn 4:
> 3333
Grade: 1 bulls and 3 cows
Turn 5:
> 4444
Grade: 0 bulls
Turn 6:
> 5555
Grade: 1 bulls and 3 cows
Turn 7:
> 6666
Grade: 1 bulls and 3 cows
Turn 8:
> 7777
Grade: 0 bulls
Turn 9:
> 8888
Grade: 0 bulls
Turn 10:
> 9999
Grade: 1 bulls and 3 cows
Turn 11:
> 3569
Grade: 1 bulls and 3 cows
Turn 12:
> 5369
Grade: 4 cows
Turn 13:
> 6359
Grade: 4 cows
Turn 14:
> 3659
Grade: 2 bulls and 2 cows
Turn 15:
> 5639
Grade: 1 bulls and 3 cows
Turn 16:
> 6539
Grade: 4 cows
Turn 17:
> 9536
Grade: 4 cows
Turn 18:
> 5936
Grade: 4 cows
Turn 19:
> 3956
Grade: 1 bulls and 3 cows
Turn 20:
> 9356
Grade: 4 cows
Turn 21:
> 5396
Grade: 1 bulls and 3 cows
Turn 22:
> 3596
Grade: 2 bulls and 2 cows
Turn 23:
> 3695
Grade: 4 bulls
Grade: 4 bulls
Congratulations! You guessed the secret code.
?[1;31m
Start test 3?[0m
Input the length of the secret code:
> 6
Input the number of possible symbols in the code:
> 10
The secret is prepared: ****** (0-9, a-z).
0123456789
946837
Okay, let's start a game!
Turn 1:
> 000000
Grade: 0 bulls
Turn 2:
> 111111
Grade: 0 bulls
Turn 3:
> 222222
Grade: 0 bulls
Turn 4:
> 333333
Grade: 1 bulls and 5 cows
Turn 5:
> 444444
Grade: 1 bulls and 5 cows
Turn 6:
> 555555
Grade: 0 bulls
Turn 7:
> 666666
Grade: 1 bulls and 5 cows
Turn 8:
> 777777
Grade: 1 bulls and 5 cows
Turn 9:
> 888888
Grade: 1 bulls and 5 cows
Turn 10:
> 999999
Grade: 1 bulls and 5 cows
Turn 11:
> 346789
Grade: 2 bulls and 4 cows
Turn 12:
> 436789
Grade: 1 bulls and 5 cows
Turn 13:
> 634789
Grade: 6 cows
Turn 14:
> 364789
Grade: 6 cows
Turn 15:
> 463789
Grade: 6 cows
Turn 16:
> 643789
Grade: 1 bulls and 5 cows
Turn 17:
> 743689
Grade: 1 bulls and 5 cows
Turn 18:
> 473689
Grade: 6 cows
Turn 19:
> 374689
Grade: 6 cows
Turn 20:
> 734689
Grade: 6 cows
Turn 21:
> 437689
Grade: 6 cows
Turn 22:
> 347689
Grade: 1 bulls and 5 cows
Turn 23:
> 367489
Grade: 6 cows
Turn 24:
> 637489
Grade: 6 cows
Turn 25:
> 736489
Grade: 1 bulls and 5 cows
Turn 26:
> 376489
Grade: 1 bulls and 5 cows
Turn 27:
> 673489
Grade: 6 cows
Turn 28:
> 763489
Grade: 6 cows
Turn 29:
> 764389
Grade: 6 cows
Turn 30:
> 674389
Grade: 6 cows
Turn 31:
> 476389
Grade: 1 bulls and 5 cows
Turn 32:
> 746389
Grade: 2 bulls and 4 cows
Turn 33:
> 647389
Grade: 1 bulls and 5 cows
Turn 34:
> 467389
Grade: 6 cows
Turn 35:
> 867349
Grade: 6 cows
Turn 36:
> 687349
Grade: 6 cows
Turn 37:
> 786349
Grade: 1 bulls and 5 cows
Turn 38:
> 876349
Grade: 1 bulls and 5 cows
Turn 39:
> 678349
Grade: 6 cows
Turn 40:
> 768349
Grade: 6 cows
Turn 41:
> 368749
Grade: 6 cows
Turn 42:
> 638749
Grade: 6 cows
Turn 43:
> 836749
Grade: 1 bulls and 5 cows
Turn 44:
> 386749
Grade: 1 bulls and 5 cows
Turn 45:
> 683749
Grade: 6 cows
Turn 46:
> 863749
Grade: 6 cows
Turn 47:
> 873649
Grade: 6 cows
Turn 48:
> 783649
Grade: 6 cows
Turn 49:
> 387649
Grade: 6 cows
Turn 50:
> 837649
Grade: 6 cows
Turn 51:
> 738649
Grade: 6 cows
Turn 52:
> 378649
Grade: 6 cows
Turn 53:
> 376849
Grade: 2 bulls and 4 cows
Turn 54:
> 736849
Grade: 2 bulls and 4 cows
Turn 55:
> 637849
Grade: 1 bulls and 5 cows
Turn 56:
> 367849
Grade: 1 bulls and 5 cows
Turn 57:
> 763849
Grade: 1 bulls and 5 cows
Turn 58:
> 673849
Grade: 1 bulls and 5 cows
Turn 59:
> 473869
Grade: 1 bulls and 5 cows
Turn 60:
> 743869
Grade: 2 bulls and 4 cows
Turn 61:
> 347869
Grade: 2 bulls and 4 cows
Turn 62:
> 437869
Grade: 1 bulls and 5 cows
Turn 63:
> 734869
Grade: 1 bulls and 5 cows
Turn 64:
> 374869
Grade: 1 bulls and 5 cows
Turn 65:
> 874369
Grade: 6 cows
Turn 66:
> 784369
Grade: 6 cows
Turn 67:
> 487369
Grade: 6 cows
Turn 68:
> 847369
Grade: 1 bulls and 5 cows
Turn 69:
> 748369
Grade: 1 bulls and 5 cows
Turn 70:
> 478369
Grade: 6 cows
Turn 71:
> 438769
Grade: 6 cows
Turn 72:
> 348769
Grade: 1 bulls and 5 cows
Turn 73:
> 843769
Grade: 1 bulls and 5 cows
Turn 74:
> 483769
Grade: 6 cows
Turn 75:
> 384769
Grade: 6 cows
Turn 76:
> 834769
Grade: 6 cows
Turn 77:
> 837469
Grade: 6 cows
Turn 78:
> 387469
Grade: 6 cows
Turn 79:
> 783469
Grade: 6 cows
Turn 80:
> 873469
Grade: 6 cows
Turn 81:
> 378469
Grade: 6 cows
Turn 82:
> 738469
Grade: 6 cows
Turn 83:
> 638479
Grade: 6 cows
Turn 84:
> 368479
Grade: 6 cows
Turn 85:
> 863479
Grade: 6 cows
Turn 86:
> 683479
Grade: 6 cows
Turn 87:
> 386479
Grade: 1 bulls and 5 cows
Turn 88:
> 836479
Grade: 1 bulls and 5 cows
Turn 89:
> 436879
Grade: 2 bulls and 4 cows
Turn 90:
> 346879
Grade: 3 bulls and 3 cows
Turn 91:
> 643879
Grade: 2 bulls and 4 cows
Turn 92:
> 463879
Grade: 1 bulls and 5 cows
Turn 93:
> 364879
Grade: 1 bulls and 5 cows
Turn 94:
> 634879
Grade: 1 bulls and 5 cows
Turn 95:
> 684379
Grade: 6 cows
Turn 96:
> 864379
Grade: 6 cows
Turn 97:
> 468379
Grade: 6 cows
Turn 98:
> 648379
Grade: 1 bulls and 5 cows
Turn 99:
> 846379
Grade: 2 bulls and 4 cows
Turn 100:
> 486379
Grade: 1 bulls and 5 cows
Turn 101:
> 483679
Grade: 6 cows
Turn 102:
> 843679
Grade: 1 bulls and 5 cows
Turn 103:
> 348679
Grade: 1 bulls and 5 cows
Turn 104:
> 438679
Grade: 6 cows
Turn 105:
> 834679
Grade: 6 cows
Turn 106:
> 384679
Grade: 6 cows
Turn 107:
> 784639
Grade: 1 bulls and 5 cows
Turn 108:
> 874639
Grade: 1 bulls and 5 cows
Turn 109:
> 478639
Grade: 1 bulls and 5 cows
Turn 110:
> 748639
Grade: 2 bulls and 4 cows
Turn 111:
> 847639
Grade: 2 bulls and 4 cows
Turn 112:
> 487639
Grade: 1 bulls and 5 cows
Turn 113:
> 687439
Grade: 1 bulls and 5 cows
Turn 114:
> 867439
Grade: 1 bulls and 5 cows
Turn 115:
> 768439
Grade: 1 bulls and 5 cows
Turn 116:
> 678439
Grade: 1 bulls and 5 cows
Turn 117:
> 876439
Grade: 2 bulls and 4 cows
Turn 118:
> 786439
Grade: 2 bulls and 4 cows
Turn 119:
> 746839
Grade: 4 bulls and 2 cows
Turn 120:
> 476839
Grade: 3 bulls and 3 cows
Turn 121:
> 674839
Grade: 2 bulls and 4 cows
Turn 122:
> 764839
Grade: 2 bulls and 4 cows
Turn 123:
> 467839
Grade: 2 bulls and 4 cows
Turn 124:
> 647839
Grade: 3 bulls and 3 cows
Turn 125:
> 648739
Grade: 2 bulls and 4 cows
Turn 126:
> 468739
Grade: 1 bulls and 5 cows
Turn 127:
> 864739
Grade: 1 bulls and 5 cows
Turn 128:
> 684739
Grade: 1 bulls and 5 cows
Turn 129:
> 486739
Grade: 2 bulls and 4 cows
Turn 130:
> 846739
Grade: 3 bulls and 3 cows
Turn 131:
> 946738
Grade: 4 bulls and 2 cows
Turn 132:
> 496738
Grade: 2 bulls and 4 cows
Turn 133:
> 694738
Grade: 1 bulls and 5 cows
Turn 134:
> 964738
Grade: 2 bulls and 4 cows
Turn 135:
> 469738
Grade: 1 bulls and 5 cows
Turn 136:
> 649738
Grade: 2 bulls and 4 cows
Turn 137:
> 749638
Grade: 2 bulls and 4 cows
Turn 138:
> 479638
Grade: 1 bulls and 5 cows
Turn 139:
> 974638
Grade: 2 bulls and 4 cows
Turn 140:
> 794638
Grade: 1 bulls and 5 cows
Turn 141:
> 497638
Grade: 1 bulls and 5 cows
Turn 142:
> 947638
Grade: 3 bulls and 3 cows
Turn 143:
> 967438
Grade: 2 bulls and 4 cows
Turn 144:
> 697438
Grade: 1 bulls and 5 cows
Turn 145:
> 796438
Grade: 2 bulls and 4 cows
Turn 146:
> 976438
Grade: 3 bulls and 3 cows
Turn 147:
> 679438
Grade: 1 bulls and 5 cows
Turn 148:
> 769438
Grade: 1 bulls and 5 cows
Turn 149:
> 764938
Grade: 1 bulls and 5 cows
Turn 150:
> 674938
Grade: 1 bulls and 5 cows
Turn 151:
> 476938
Grade: 2 bulls and 4 cows
Turn 152:
> 746938
Grade: 3 bulls and 3 cows
Turn 153:
> 647938
Grade: 2 bulls and 4 cows
Turn 154:
> 467938
Grade: 1 bulls and 5 cows
Turn 155:
> 367948
Grade: 6 cows
Turn 156:
> 637948
Grade: 6 cows
Turn 157:
> 736948
Grade: 1 bulls and 5 cows
Turn 158:
> 376948
Grade: 1 bulls and 5 cows
Turn 159:
> 673948
Grade: 6 cows
Turn 160:
> 763948
Grade: 6 cows
Turn 161:
> 963748
Grade: 1 bulls and 5 cows
Turn 162:
> 693748
Grade: 6 cows
Turn 163:
> 396748
Grade: 1 bulls and 5 cows
Turn 164:
> 936748
Grade: 2 bulls and 4 cows
Turn 165:
> 639748
Grade: 6 cows
Turn 166:
> 369748
Grade: 6 cows
Turn 167:
> 379648
Grade: 6 cows
Turn 168:
> 739648
Grade: 6 cows
Turn 169:
> 937648
Grade: 1 bulls and 5 cows
Turn 170:
> 397648
Grade: 6 cows
Turn 171:
> 793648
Grade: 6 cows
Turn 172:
> 973648
Grade: 1 bulls and 5 cows
Turn 173:
> 976348
Grade: 2 bulls and 4 cows
Turn 174:
> 796348
Grade: 1 bulls and 5 cows
Turn 175:
> 697348
Grade: 6 cows
Turn 176:
> 967348
Grade: 1 bulls and 5 cows
Turn 177:
> 769348
Grade: 6 cows
Turn 178:
> 679348
Grade: 6 cows
Turn 179:
> 479368
Grade: 6 cows
Turn 180:
> 749368
Grade: 1 bulls and 5 cows
Turn 181:
> 947368
Grade: 2 bulls and 4 cows
Turn 182:
> 497368
Grade: 6 cows
Turn 183:
> 794368
Grade: 6 cows
Turn 184:
> 974368
Grade: 1 bulls and 5 cows
Turn 185:
> 374968
Grade: 6 cows
Turn 186:
> 734968
Grade: 6 cows
Turn 187:
> 437968
Grade: 6 cows
Turn 188:
> 347968
Grade: 1 bulls and 5 cows
Turn 189:
> 743968
Grade: 1 bulls and 5 cows
Turn 190:
> 473968
Grade: 6 cows
Turn 191:
> 493768
Grade: 6 cows
Turn 192:
> 943768
Grade: 2 bulls and 4 cows
Turn 193:
> 349768
Grade: 1 bulls and 5 cows
Turn 194:
> 439768
Grade: 6 cows
Turn 195:
> 934768
Grade: 1 bulls and 5 cows
Turn 196:
> 394768
Grade: 6 cows
Turn 197:
> 397468
Grade: 6 cows
Turn 198:
> 937468
Grade: 1 bulls and 5 cows
Turn 199:
> 739468
Grade: 6 cows
Turn 200:
> 379468
Grade: 6 cows
Turn 201:
> 973468
Grade: 1 bulls and 5 cows
Turn 202:
> 793468
Grade: 6 cows
Turn 203:
> 693478
Grade: 6 cows
Turn 204:
> 963478
Grade: 1 bulls and 5 cows
Turn 205:
> 369478
Grade: 6 cows
Turn 206:
> 639478
Grade: 6 cows
Turn 207:
> 936478
Grade: 2 bulls and 4 cows
Turn 208:
> 396478
Grade: 1 bulls and 5 cows
Turn 209:
> 496378
Grade: 1 bulls and 5 cows
Turn 210:
> 946378
Grade: 3 bulls and 3 cows
Turn 211:
> 649378
Grade: 1 bulls and 5 cows
Turn 212:
> 469378
Grade: 6 cows
Turn 213:
> 964378
Grade: 1 bulls and 5 cows
Turn 214:
> 694378
Grade: 6 cows
Turn 215:
> 634978
Grade: 6 cows
Turn 216:
> 364978
Grade: 6 cows
Turn 217:
> 463978
Grade: 6 cows
Turn 218:
> 643978
Grade: 1 bulls and 5 cows
Turn 219:
> 346978
Grade: 2 bulls and 4 cows
Turn 220:
> 436978
Grade: 1 bulls and 5 cows
Turn 221:
> 439678
Grade: 6 cows
Turn 222:
> 349678
Grade: 1 bulls and 5 cows
Turn 223:
> 943678
Grade: 2 bulls and 4 cows
Turn 224:
> 493678
Grade: 6 cows
Turn 225:
> 394678
Grade: 6 cows
Turn 226:
> 934678
Grade: 1 bulls and 5 cows
Turn 227:
> 734698
Grade: 6 cows
Turn 228:
> 374698
Grade: 6 cows
Turn 229:
> 473698
Grade: 6 cows
Turn 230:
> 743698
Grade: 1 bulls and 5 cows
Turn 231:
> 347698
Grade: 1 bulls and 5 cows
Turn 232:
> 437698
Grade: 6 cows
Turn 233:
> 637498
Grade: 6 cows
Turn 234:
> 367498
Grade: 6 cows
Turn 235:
> 763498
Grade: 6 cows
Turn 236:
> 673498
Grade: 6 cows
Turn 237:
> 376498
Grade: 1 bulls and 5 cows
Turn 238:
> 736498
Grade: 1 bulls and 5 cows
Turn 239:
> 746398
Grade: 2 bulls and 4 cows
Turn 240:
> 476398
Grade: 1 bulls and 5 cows
Turn 241:
> 674398
Grade: 6 cows
Turn 242:
> 764398
Grade: 6 cows
Turn 243:
> 467398
Grade: 6 cows
Turn 244:
> 647398
Grade: 1 bulls and 5 cows
Turn 245:
> 643798
Grade: 1 bulls and 5 cows
Turn 246:
> 463798
Grade: 6 cows
Turn 247:
> 364798
Grade: 6 cows
Turn 248:
> 634798
Grade: 6 cows
Turn 249:
> 436798
Grade: 1 bulls and 5 cows
Turn 250:
> 346798
Grade: 2 bulls and 4 cows
Turn 251:
> 386794
Grade: 1 bulls and 5 cows
Turn 252:
> 836794
Grade: 1 bulls and 5 cows
Turn 253:
> 638794
Grade: 6 cows
Turn 254:
> 368794
Grade: 6 cows
Turn 255:
> 863794
Grade: 6 cows
Turn 256:
> 683794
Grade: 6 cows
Turn 257:
> 783694
Grade: 6 cows
Turn 258:
> 873694
Grade: 6 cows
Turn 259:
> 378694
Grade: 6 cows
Turn 260:
> 738694
Grade: 6 cows
Turn 261:
> 837694
Grade: 6 cows
Turn 262:
> 387694
Grade: 6 cows
Turn 263:
> 367894
Grade: 1 bulls and 5 cows
Turn 264:
> 637894
Grade: 1 bulls and 5 cows
Turn 265:
> 736894
Grade: 2 bulls and 4 cows
Turn 266:
> 376894
Grade: 2 bulls and 4 cows
Turn 267:
> 673894
Grade: 1 bulls and 5 cows
Turn 268:
> 763894
Grade: 1 bulls and 5 cows
Turn 269:
> 768394
Grade: 6 cows
Turn 270:
> 678394
Grade: 6 cows
Turn 271:
> 876394
Grade: 1 bulls and 5 cows
Turn 272:
> 786394
Grade: 1 bulls and 5 cows
Turn 273:
> 687394
Grade: 6 cows
Turn 274:
> 867394
Grade: 6 cows
Turn 275:
> 967384
Grade: 1 bulls and 5 cows
Turn 276:
> 697384
Grade: 6 cows
Turn 277:
> 796384
Grade: 1 bulls and 5 cows
Turn 278:
> 976384
Grade: 2 bulls and 4 cows
Turn 279:
> 679384
Grade: 6 cows
Turn 280:
> 769384
Grade: 6 cows
Turn 281:
> 369784
Grade: 6 cows
Turn 282:
> 639784
Grade: 6 cows
Turn 283:
> 936784
Grade: 2 bulls and 4 cows
Turn 284:
> 396784
Grade: 1 bulls and 5 cows
Turn 285:
> 693784
Grade: 6 cows
Turn 286:
> 963784
Grade: 1 bulls and 5 cows
Turn 287:
> 973684
Grade: 1 bulls and 5 cows
Turn 288:
> 793684
Grade: 6 cows
Turn 289:
> 397684
Grade: 6 cows
Turn 290:
> 937684
Grade: 1 bulls and 5 cows
Turn 291:
> 739684
Grade: 6 cows
Turn 292:
> 379684
Grade: 6 cows
Turn 293:
> 376984
Grade: 1 bulls and 5 cows
Turn 294:
> 736984
Grade: 1 bulls and 5 cows
Turn 295:
> 637984
Grade: 6 cows
Turn 296:
> 367984
Grade: 6 cows
Turn 297:
> 763984
Grade: 6 cows
Turn 298:
> 673984
Grade: 6 cows
Turn 299:
> 873964
Grade: 6 cows
Turn 300:
> 783964
Grade: 6 cows
Turn 301:
> 387964
Grade: 6 cows
Turn 302:
> 837964
Grade: 6 cows
Turn 303:
> 738964
Grade: 6 cows
Turn 304:
> 378964
Grade: 6 cows
Turn 305:
> 978364
Grade: 1 bulls and 5 cows
Turn 306:
> 798364
Grade: 6 cows
Turn 307:
> 897364
Grade: 6 cows
Turn 308:
> 987364
Grade: 1 bulls and 5 cows
Turn 309:
> 789364
Grade: 6 cows
Turn 310:
> 879364
Grade: 6 cows
Turn 311:
> 839764
Grade: 6 cows
Turn 312:
> 389764
Grade: 6 cows
Turn 313:
> 983764
Grade: 1 bulls and 5 cows
Turn 314:
> 893764
Grade: 6 cows
Turn 315:
> 398764
Grade: 6 cows
Turn 316:
> 938764
Grade: 1 bulls and 5 cows
Turn 317:
> 937864
Grade: 2 bulls and 4 cows
Turn 318:
> 397864
Grade: 1 bulls and 5 cows
Turn 319:
> 793864
Grade: 1 bulls and 5 cows
Turn 320:
> 973864
Grade: 2 bulls and 4 cows
Turn 321:
> 379864
Grade: 1 bulls and 5 cows
Turn 322:
> 739864
Grade: 1 bulls and 5 cows
Turn 323:
> 639874
Grade: 1 bulls and 5 cows
Turn 324:
> 369874
Grade: 1 bulls and 5 cows
Turn 325:
> 963874
Grade: 2 bulls and 4 cows
Turn 326:
> 693874
Grade: 1 bulls and 5 cows
Turn 327:
> 396874
Grade: 2 bulls and 4 cows
Turn 328:
> 936874
Grade: 3 bulls and 3 cows
Turn 329:
> 836974
Grade: 1 bulls and 5 cows
Turn 330:
> 386974
Grade: 1 bulls and 5 cows
Turn 331:
> 683974
Grade: 6 cows
Turn 332:
> 863974
Grade: 6 cows
Turn 333:
> 368974
Grade: 6 cows
Turn 334:
> 638974
Grade: 6 cows
Turn 335:
> 698374
Grade: 6 cows
Turn 336:
> 968374
Grade: 1 bulls and 5 cows
Turn 337:
> 869374
Grade: 6 cows
Turn 338:
> 689374
Grade: 6 cows
Turn 339:
> 986374
Grade: 2 bulls and 4 cows
Turn 340:
> 896374
Grade: 1 bulls and 5 cows
Turn 341:
> 893674
Grade: 6 cows
Turn 342:
> 983674
Grade: 1 bulls and 5 cows
Turn 343:
> 389674
Grade: 6 cows
Turn 344:
> 839674
Grade: 6 cows
Turn 345:
> 938674
Grade: 1 bulls and 5 cows
Turn 346:
> 398674
Grade: 6 cows
Turn 347:
> 798634
Grade: 1 bulls and 5 cows
Turn 348:
> 978634
Grade: 2 bulls and 4 cows
Turn 349:
> 879634
Grade: 1 bulls and 5 cows
Turn 350:
> 789634
Grade: 1 bulls and 5 cows
Turn 351:
> 987634
Grade: 2 bulls and 4 cows
Turn 352:
> 897634
Grade: 1 bulls and 5 cows
Turn 353:
> 697834
Grade: 2 bulls and 4 cows
Turn 354:
> 967834
Grade: 3 bulls and 3 cows
Turn 355:
> 769834
Grade: 2 bulls and 4 cows
Turn 356:
> 679834
Grade: 2 bulls and 4 cows
Turn 357:
> 976834
Grade: 4 bulls and 2 cows
Turn 358:
> 796834
Grade: 3 bulls and 3 cows
Turn 359:
> 786934
Grade: 2 bulls and 4 cows
Turn 360:
> 876934
Grade: 2 bulls and 4 cows
Turn 361:
> 678934
Grade: 1 bulls and 5 cows
Turn 362:
> 768934
Grade: 1 bulls and 5 cows
Turn 363:
> 867934
Grade: 1 bulls and 5 cows
Turn 364:
> 687934
Grade: 1 bulls and 5 cows
Turn 365:
> 689734
Grade: 1 bulls and 5 cows
Turn 366:
> 869734
Grade: 1 bulls and 5 cows
Turn 367:
> 968734
Grade: 2 bulls and 4 cows
Turn 368:
> 698734
Grade: 1 bulls and 5 cows
Turn 369:
> 896734
Grade: 2 bulls and 4 cows
Turn 370:
> 986734
Grade: 3 bulls and 3 cows
Turn 371:
> 984736
Grade: 2 bulls and 4 cows
Turn 372:
> 894736
Grade: 1 bulls and 5 cows
Turn 373:
> 498736
Grade: 1 bulls and 5 cows
Turn 374:
> 948736
Grade: 3 bulls and 3 cows
Turn 375:
> 849736
Grade: 2 bulls and 4 cows
Turn 376:
> 489736
Grade: 1 bulls and 5 cows
Turn 377:
> 789436
Grade: 1 bulls and 5 cows
Turn 378:
> 879436
Grade: 1 bulls and 5 cows
Turn 379:
> 978436
Grade: 2 bulls and 4 cows
Turn 380:
> 798436
Grade: 1 bulls and 5 cows
Turn 381:
> 897436
Grade: 1 bulls and 5 cows
Turn 382:
> 987436
Grade: 2 bulls and 4 cows
Turn 383:
> 947836
Grade: 4 bulls and 2 cows
Turn 384:
> 497836
Grade: 2 bulls and 4 cows
Turn 385:
> 794836
Grade: 2 bulls and 4 cows
Turn 386:
> 974836
Grade: 3 bulls and 3 cows
Turn 387:
> 479836
Grade: 2 bulls and 4 cows
Turn 388:
> 749836
Grade: 3 bulls and 3 cows
Turn 389:
> 748936
Grade: 2 bulls and 4 cows
Turn 390:
> 478936
Grade: 1 bulls and 5 cows
Turn 391:
> 874936
Grade: 1 bulls and 5 cows
Turn 392:
> 784936
Grade: 1 bulls and 5 cows
Turn 393:
> 487936
Grade: 1 bulls and 5 cows
Turn 394:
> 847936
Grade: 2 bulls and 4 cows
Turn 395:
> 347986
Grade: 1 bulls and 5 cows
Turn 396:
> 437986
Grade: 6 cows
Turn 397:
> 734986
Grade: 6 cows
Turn 398:
> 374986
Grade: 6 cows
Turn 399:
> 473986
Grade: 6 cows
Turn 400:
> 743986
Grade: 1 bulls and 5 cows
Turn 401:
> 943786
Grade: 2 bulls and 4 cows
Turn 402:
> 493786
Grade: 6 cows
Turn 403:
> 394786
Grade: 6 cows
Turn 404:
> 934786
Grade: 1 bulls and 5 cows
Turn 405:
> 439786
Grade: 6 cows
Turn 406:
> 349786
Grade: 1 bulls and 5 cows
Turn 407:
> 379486
Grade: 6 cows
Turn 408:
> 739486
Grade: 6 cows
Turn 409:
> 937486
Grade: 1 bulls and 5 cows
Turn 410:
> 397486
Grade: 6 cows
Turn 411:
> 793486
Grade: 6 cows
Turn 412:
> 973486
Grade: 1 bulls and 5 cows
Turn 413:
> 974386
Grade: 1 bulls and 5 cows
Turn 414:
> 794386
Grade: 6 cows
Turn 415:
> 497386
Grade: 6 cows
Turn 416:
> 947386
Grade: 2 bulls and 4 cows
Turn 417:
> 749386
Grade: 1 bulls and 5 cows
Turn 418:
> 479386
Grade: 6 cows
Turn 419:
> 879346
Grade: 6 cows
Turn 420:
> 789346
Grade: 6 cows
Turn 421:
> 987346
Grade: 1 bulls and 5 cows
Turn 422:
> 897346
Grade: 6 cows
Turn 423:
> 798346
Grade: 6 cows
Turn 424:
> 978346
Grade: 1 bulls and 5 cows
Turn 425:
> 378946
Grade: 6 cows
Turn 426:
> 738946
Grade: 6 cows
Turn 427:
> 837946
Grade: 6 cows
Turn 428:
> 387946
Grade: 6 cows
Turn 429:
> 783946
Grade: 6 cows
Turn 430:
> 873946
Grade: 6 cows
Turn 431:
> 893746
Grade: 6 cows
Turn 432:
> 983746
Grade: 1 bulls and 5 cows
Turn 433:
> 389746
Grade: 6 cows
Turn 434:
> 839746
Grade: 6 cows
Turn 435:
> 938746
Grade: 1 bulls and 5 cows
Turn 436:
> 398746
Grade: 6 cows
Turn 437:
> 397846
Grade: 1 bulls and 5 cows
Turn 438:
> 937846
Grade: 2 bulls and 4 cows
Turn 439:
> 739846
Grade: 1 bulls and 5 cows
Turn 440:
> 379846
Grade: 1 bulls and 5 cows
Turn 441:
> 973846
Grade: 2 bulls and 4 cows
Turn 442:
> 793846
Grade: 1 bulls and 5 cows
Turn 443:
> 493876
Grade: 1 bulls and 5 cows
Turn 444:
> 943876
Grade: 3 bulls and 3 cows
Turn 445:
> 349876
Grade: 2 bulls and 4 cows
Turn 446:
> 439876
Grade: 1 bulls and 5 cows
Turn 447:
> 934876
Grade: 2 bulls and 4 cows
Turn 448:
> 394876
Grade: 1 bulls and 5 cows
Turn 449:
> 894376
Grade: 6 cows
Turn 450:
> 984376
Grade: 1 bulls and 5 cows
Turn 451:
> 489376
Grade: 6 cows
Turn 452:
> 849376
Grade: 1 bulls and 5 cows
Turn 453:
> 948376
Grade: 2 bulls and 4 cows
Turn 454:
> 498376
Grade: 6 cows
Turn 455:
> 438976
Grade: 6 cows
Turn 456:
> 348976
Grade: 1 bulls and 5 cows
Turn 457:
> 843976
Grade: 1 bulls and 5 cows
Turn 458:
> 483976
Grade: 6 cows
Turn 459:
> 384976
Grade: 6 cows
Turn 460:
> 834976
Grade: 6 cows
Turn 461:
> 839476
Grade: 6 cows
Turn 462:
> 389476
Grade: 6 cows
Turn 463:
> 983476
Grade: 1 bulls and 5 cows
Turn 464:
> 893476
Grade: 6 cows
Turn 465:
> 398476
Grade: 6 cows
Turn 466:
> 938476
Grade: 1 bulls and 5 cows
Turn 467:
> 738496
Grade: 6 cows
Turn 468:
> 378496
Grade: 6 cows
Turn 469:
> 873496
Grade: 6 cows
Turn 470:
> 783496
Grade: 6 cows
Turn 471:
> 387496
Grade: 6 cows
Turn 472:
> 837496
Grade: 6 cows
Turn 473:
> 437896
Grade: 1 bulls and 5 cows
Turn 474:
> 347896
Grade: 2 bulls and 4 cows
Turn 475:
> 743896
Grade: 2 bulls and 4 cows
Turn 476:
> 473896
Grade: 1 bulls and 5 cows
Turn 477:
> 374896
Grade: 1 bulls and 5 cows
Turn 478:
> 734896
Grade: 1 bulls and 5 cows
Turn 479:
> 784396
Grade: 6 cows
Turn 480:
> 874396
Grade: 6 cows
Turn 481:
> 478396
Grade: 6 cows
Turn 482:
> 748396
Grade: 1 bulls and 5 cows
Turn 483:
> 847396
Grade: 1 bulls and 5 cows
Turn 484:
> 487396
Grade: 6 cows
Turn 485:
> 483796
Grade: 6 cows
Turn 486:
> 843796
Grade: 1 bulls and 5 cows
Turn 487:
> 348796
Grade: 1 bulls and 5 cows
Turn 488:
> 438796
Grade: 6 cows
Turn 489:
> 834796
Grade: 6 cows
Turn 490:
> 384796
Grade: 6 cows
Turn 491:
> 384697
Grade: 1 bulls and 5 cows
Turn 492:
> 834697
Grade: 1 bulls and 5 cows
Turn 493:
> 438697
Grade: 1 bulls and 5 cows
Turn 494:
> 348697
Grade: 2 bulls and 4 cows
Turn 495:
> 843697
Grade: 2 bulls and 4 cows
Turn 496:
> 483697
Grade: 1 bulls and 5 cows
Turn 497:
> 683497
Grade: 1 bulls and 5 cows
Turn 498:
> 863497
Grade: 1 bulls and 5 cows
Turn 499:
> 368497
Grade: 1 bulls and 5 cows
Turn 500:
> 638497
Grade: 1 bulls and 5 cows
Turn 501:
> 836497
Grade: 2 bulls and 4 cows
Turn 502:
> 386497
Grade: 2 bulls and 4 cows
Turn 503:
> 346897
Grade: 4 bulls and 2 cows
Turn 504:
> 436897
Grade: 3 bulls and 3 cows
Turn 505:
> 634897
Grade: 2 bulls and 4 cows
Turn 506:
> 364897
Grade: 2 bulls and 4 cows
Turn 507:
> 463897
Grade: 2 bulls and 4 cows
Turn 508:
> 643897
Grade: 3 bulls and 3 cows
Turn 509:
> 648397
Grade: 2 bulls and 4 cows
Turn 510:
> 468397
Grade: 1 bulls and 5 cows
Turn 511:
> 864397
Grade: 1 bulls and 5 cows
Turn 512:
> 684397
Grade: 1 bulls and 5 cows
Turn 513:
> 486397
Grade: 2 bulls and 4 cows
Turn 514:
> 846397
Grade: 3 bulls and 3 cows
Turn 515:
> 946387
Grade: 4 bulls and 2 cows
Turn 516:
> 496387
Grade: 2 bulls and 4 cows
Turn 517:
> 694387
Grade: 1 bulls and 5 cows
Turn 518:
> 964387
Grade: 2 bulls and 4 cows
Turn 519:
> 469387
Grade: 1 bulls and 5 cows
Turn 520:
> 649387
Grade: 2 bulls and 4 cows
Turn 521:
> 349687
Grade: 2 bulls and 4 cows
Turn 522:
> 439687
Grade: 1 bulls and 5 cows
Turn 523:
> 934687
Grade: 2 bulls and 4 cows
Turn 524:
> 394687
Grade: 1 bulls and 5 cows
Turn 525:
> 493687
Grade: 1 bulls and 5 cows
Turn 526:
> 943687
Grade: 3 bulls and 3 cows
Turn 527:
> 963487
Grade: 2 bulls and 4 cows
Turn 528:
> 693487
Grade: 1 bulls and 5 cows
Turn 529:
> 396487
Grade: 2 bulls and 4 cows
Turn 530:
> 936487
Grade: 3 bulls and 3 cows
Turn 531:
> 639487
Grade: 1 bulls and 5 cows
Turn 532:
> 369487
Grade: 1 bulls and 5 cows
Turn 533:
> 364987
Grade: 1 bulls and 5 cows
Turn 534:
> 634987
Grade: 1 bulls and 5 cows
Turn 535:
> 436987
Grade: 2 bulls and 4 cows
Turn 536:
> 346987
Grade: 3 bulls and 3 cows
Turn 537:
> 643987
Grade: 2 bulls and 4 cows
Turn 538:
> 463987
Grade: 1 bulls and 5 cows
Turn 539:
> 863947
Grade: 1 bulls and 5 cows
Turn 540:
> 683947
Grade: 1 bulls and 5 cows
Turn 541:
> 386947
Grade: 2 bulls and 4 cows
Turn 542:
> 836947
Grade: 2 bulls and 4 cows
Turn 543:
> 638947
Grade: 1 bulls and 5 cows
Turn 544:
> 368947
Grade: 1 bulls and 5 cows
Turn 545:
> 968347
Grade: 2 bulls and 4 cows
Turn 546:
> 698347
Grade: 1 bulls and 5 cows
Turn 547:
> 896347
Grade: 2 bulls and 4 cows
Turn 548:
> 986347
Grade: 3 bulls and 3 cows
Turn 549:
> 689347
Grade: 1 bulls and 5 cows
Turn 550:
> 869347
Grade: 1 bulls and 5 cows
Turn 551:
> 839647
Grade: 1 bulls and 5 cows
Turn 552:
> 389647
Grade: 1 bulls and 5 cows
Turn 553:
> 983647
Grade: 2 bulls and 4 cows
Turn 554:
> 893647
Grade: 1 bulls and 5 cows
Turn 555:
> 398647
Grade: 1 bulls and 5 cows
Turn 556:
> 938647
Grade: 2 bulls and 4 cows
Turn 557:
> 936847
Grade: 4 bulls and 2 cows
Turn 558:
> 396847
Grade: 3 bulls and 3 cows
Turn 559:
> 693847
Grade: 2 bulls and 4 cows
Turn 560:
> 963847
Grade: 3 bulls and 3 cows
Turn 561:
> 369847
Grade: 2 bulls and 4 cows
Turn 562:
> 639847
Grade: 2 bulls and 4 cows
Turn 563:
> 439867
Grade: 2 bulls and 4 cows
Turn 564:
> 349867
Grade: 3 bulls and 3 cows
Turn 565:
> 943867
Grade: 4 bulls and 2 cows
Turn 566:
> 493867
Grade: 2 bulls and 4 cows
Turn 567:
> 394867
Grade: 2 bulls and 4 cows
Turn 568:
> 934867
Grade: 3 bulls and 3 cows
Turn 569:
> 834967
Grade: 1 bulls and 5 cows
Turn 570:
> 384967
Grade: 1 bulls and 5 cows
Turn 571:
> 483967
Grade: 1 bulls and 5 cows
Turn 572:
> 843967
Grade: 2 bulls and 4 cows
Turn 573:
> 348967
Grade: 2 bulls and 4 cows
Turn 574:
> 438967
Grade: 1 bulls and 5 cows
Turn 575:
> 498367
Grade: 1 bulls and 5 cows
Turn 576:
> 948367
Grade: 3 bulls and 3 cows
Turn 577:
> 849367
Grade: 2 bulls and 4 cows
Turn 578:
> 489367
Grade: 1 bulls and 5 cows
Turn 579:
> 984367
Grade: 2 bulls and 4 cows
Turn 580:
> 894367
Grade: 1 bulls and 5 cows
Turn 581:
> 893467
Grade: 1 bulls and 5 cows
Turn 582:
> 983467
Grade: 2 bulls and 4 cows
Turn 583:
> 389467
Grade: 1 bulls and 5 cows
Turn 584:
> 839467
Grade: 1 bulls and 5 cows
Turn 585:
> 938467
Grade: 2 bulls and 4 cows
Turn 586:
> 398467
Grade: 1 bulls and 5 cows
Turn 587:
> 698437
Grade: 2 bulls and 4 cows
Turn 588:
> 968437
Grade: 3 bulls and 3 cows
Turn 589:
> 869437
Grade: 2 bulls and 4 cows
Turn 590:
> 689437
Grade: 2 bulls and 4 cows
Turn 591:
> 986437
Grade: 4 bulls and 2 cows
Turn 592:
> 896437
Grade: 3 bulls and 3 cows
Turn 593:
> 496837
Grade: 4 bulls and 2 cows
Turn 594:
> 946837
Grade: 6 bulls
Grade: 6 bulls
Congratulations! You guessed the secret code.
?[1;31m
Start test 4?[0m
Input the length of the secret code:
> 11
Input the number of possible symbols in the code:
> 10
Error: it's not possible to generate a code with a length of 11 with 10 unique symbols.
null
?[1;31m
Start test 5?[0m
Input the length of the secret code:
> 4
Input the number of possible symbols in the code:
> 16
The secret is prepared: **** (0-9, a-z).
0123456789abcdef
dc79
Okay, let's start a game!
Turn 1:
> 0000
Grade: 0 bulls
Turn 2:
> 1111
Grade: 0 bulls
Turn 3:
> 2222
Grade: 0 bulls
Turn 4:
> 3333
Grade: 0 bulls
Turn 5:
> 4444
Grade: 0 bulls
Turn 6:
> 5555
Grade: 0 bulls
Turn 7:
> 6666
Grade: 0 bulls
Turn 8:
> 7777
Grade: 1 bulls and 3 cows
Turn 9:
> 8888
Grade: 0 bulls
Turn 10:
> 9999
Grade: 1 bulls and 3 cows
Turn 11:
> aaaa
Grade: 0 bulls
Turn 12:
> bbbb
Grade: 0 bulls
Turn 13:
> cccc
Grade: 1 bulls and 3 cows
Turn 14:
> dddd
Grade: 1 bulls and 3 cows
Turn 15:
> 79cd
Grade: 4 cows
Turn 16:
> 97cd
Grade: 4 cows
Turn 17:
> c79d
Grade: 4 cows
Turn 18:
> 7c9d
Grade: 1 bulls and 3 cows
Turn 19:
> 9c7d
Grade: 2 bulls and 2 cows
Turn 20:
> c97d
Grade: 1 bulls and 3 cows
Turn 21:
> d97c
Grade: 2 bulls and 2 cows
Turn 22:
> 9d7c
Grade: 1 bulls and 3 cows
Turn 23:
> 7d9c
Grade: 4 cows
Turn 24:
> d79c
Grade: 1 bulls and 3 cows
Turn 25:
> 97dc
Grade: 4 cows
Turn 26:
> 79dc
Grade: 4 cows
Turn 27:
> 7cd9
Grade: 2 bulls and 2 cows
Turn 28:
> c7d9
Grade: 1 bulls and 3 cows
Turn 29:
> d7c9
Grade: 2 bulls and 2 cows
Turn 30:
> 7dc9
Grade: 1 bulls and 3 cows
Turn 31:
> cd79
Grade: 2 bulls and 2 cows
Turn 32:
> dc79
Grade: 4 bulls
Grade: 4 bulls
Congratulations! You guessed the secret code.
?[1;31m
Start test 6?[0m
Input the length of the secret code:
> 6
Input the number of possible symbols in the code:
> 36
The secret is prepared: ****** (0-9, a-z).
0123456789abcdefghijklmnopqrstuvwxyz
14te7s
Okay, let's start a game!
Turn 1:
> 000000
Grade: 0 bulls
Turn 2:
> 111111
Grade: 1 bulls and 5 cows
Turn 3:
> 222222
Grade: 0 bulls
Turn 4:
> 333333
Grade: 0 bulls
Turn 5:
> 444444
Grade: 1 bulls and 5 cows
Turn 6:
> 555555
Grade: 0 bulls
Turn 7:
> 666666
Grade: 0 bulls
Turn 8:
> 777777
Grade: 1 bulls and 5 cows
Turn 9:
> 888888
Grade: 0 bulls
Turn 10:
> 999999
Grade: 0 bulls
Turn 11:
> aaaaaa
Grade: 0 bulls
Turn 12:
> bbbbbb
Grade: 0 bulls
Turn 13:
> cccccc
Grade: 0 bulls
Turn 14:
> dddddd
Grade: 0 bulls
Turn 15:
> eeeeee
Grade: 1 bulls and 5 cows
Turn 16:
> ffffff
Grade: 0 bulls
Turn 17:
> gggggg
Grade: 0 bulls
Turn 18:
> hhhhhh
Grade: 0 bulls
Turn 19:
> iiiiii
Grade: 0 bulls
Turn 20:
> jjjjjj
Grade: 0 bulls
Turn 21:
> kkkkkk
Grade: 0 bulls
Turn 22:
> llllll
Grade: 0 bulls
Turn 23:
> mmmmmm
Grade: 0 bulls
Turn 24:
> nnnnnn
Grade: 0 bulls
Turn 25:
> oooooo
Grade: 0 bulls
Turn 26:
> pppppp
Grade: 0 bulls
Turn 27:
> qqqqqq
Grade: 0 bulls
Turn 28:
> rrrrrr
Grade: 0 bulls
Turn 29:
> ssssss
Grade: 1 bulls and 5 cows
Turn 30:
> tttttt
Grade: 1 bulls and 5 cows
Turn 31:
> 147est
Grade: 3 bulls and 3 cows
Turn 32:
> 417est
Grade: 1 bulls and 5 cows
Turn 33:
> 714est
Grade: 1 bulls and 5 cows
Turn 34:
> 174est
Grade: 2 bulls and 4 cows
Turn 35:
> 471est
Grade: 1 bulls and 5 cows
Turn 36:
> 741est
Grade: 2 bulls and 4 cows
Turn 37:
> e417st
Grade: 1 bulls and 5 cows
Turn 38:
> 4e17st
Grade: 6 cows
Turn 39:
> 1e47st
Grade: 1 bulls and 5 cows
Turn 40:
> e147st
Grade: 6 cows
Turn 41:
> 41e7st
Grade: 6 cows
Turn 42:
> 14e7st
Grade: 2 bulls and 4 cows
Turn 43:
> 17e4st
Grade: 1 bulls and 5 cows
Turn 44:
> 71e4st
Grade: 6 cows
Turn 45:
> e174st
Grade: 6 cows
Turn 46:
> 1e74st
Grade: 1 bulls and 5 cows
Turn 47:
> 7e14st
Grade: 6 cows
Turn 48:
> e714st
Grade: 6 cows
Turn 49:
> e741st
Grade: 6 cows
Turn 50:
> 7e41st
Grade: 6 cows
Turn 51:
> 4e71st
Grade: 6 cows
Turn 52:
> e471st
Grade: 1 bulls and 5 cows
Turn 53:
> 74e1st
Grade: 1 bulls and 5 cows
Turn 54:
> 47e1st
Grade: 6 cows
Turn 55:
> s7e14t
Grade: 6 cows
Turn 56:
> 7se14t
Grade: 6 cows
Turn 57:
> es714t
Grade: 6 cows
Turn 58:
> se714t
Grade: 6 cows
Turn 59:
> 7es14t
Grade: 6 cows
Turn 60:
> e7s14t
Grade: 6 cows
Turn 61:
> 17se4t
Grade: 2 bulls and 4 cows
Turn 62:
> 71se4t
Grade: 1 bulls and 5 cows
Turn 63:
> s17e4t
Grade: 1 bulls and 5 cows
Turn 64:
> 1s7e4t
Grade: 2 bulls and 4 cows
Turn 65:
> 7s1e4t
Grade: 1 bulls and 5 cows
Turn 66:
> s71e4t
Grade: 1 bulls and 5 cows
Turn 67:
> se174t
Grade: 6 cows
Turn 68:
> es174t
Grade: 6 cows
Turn 69:
> 1se74t
Grade: 1 bulls and 5 cows
Turn 70:
> s1e74t
Grade: 6 cows
Turn 71:
> e1s74t
Grade: 6 cows
Turn 72:
> 1es74t
Grade: 1 bulls and 5 cows
Turn 73:
> 1e7s4t
Grade: 1 bulls and 5 cows
Turn 74:
> e17s4t
Grade: 6 cows
Turn 75:
> 71es4t
Grade: 6 cows
Turn 76:
> 17es4t
Grade: 1 bulls and 5 cows
Turn 77:
> e71s4t
Grade: 6 cows
Turn 78:
> 7e1s4t
Grade: 6 cows
Turn 79:
> 4e1s7t
Grade: 1 bulls and 5 cows
Turn 80:
> e41s7t
Grade: 2 bulls and 4 cows
Turn 81:
> 14es7t
Grade: 3 bulls and 3 cows
Turn 82:
> 41es7t
Grade: 1 bulls and 5 cows
Turn 83:
> e14s7t
Grade: 1 bulls and 5 cows
Turn 84:
> 1e4s7t
Grade: 2 bulls and 4 cows
Turn 85:
> se417t
Grade: 1 bulls and 5 cows
Turn 86:
> es417t
Grade: 1 bulls and 5 cows
Turn 87:
> 4se17t
Grade: 1 bulls and 5 cows
Turn 88:
> s4e17t
Grade: 2 bulls and 4 cows
Turn 89:
> e4s17t
Grade: 2 bulls and 4 cows
Turn 90:
> 4es17t
Grade: 1 bulls and 5 cows
Turn 91:
> 41se7t
Grade: 2 bulls and 4 cows
Turn 92:
> 14se7t
Grade: 4 bulls and 2 cows
Turn 93:
> s41e7t
Grade: 3 bulls and 3 cows
Turn 94:
> 4s1e7t
Grade: 2 bulls and 4 cows
Turn 95:
> 1s4e7t
Grade: 3 bulls and 3 cows
Turn 96:
> s14e7t
Grade: 2 bulls and 4 cows
Turn 97:
> s1e47t
Grade: 1 bulls and 5 cows
Turn 98:
> 1se47t
Grade: 2 bulls and 4 cows
Turn 99:
> es147t
Grade: 1 bulls and 5 cows
Turn 100:
> se147t
Grade: 1 bulls and 5 cows
Turn 101:
> 1es47t
Grade: 2 bulls and 4 cows
Turn 102:
> e1s47t
Grade: 1 bulls and 5 cows
Turn 103:
> 71s4et
Grade: 6 cows
Turn 104:
> 17s4et
Grade: 1 bulls and 5 cows
Turn 105:
> s714et
Grade: 6 cows
Turn 106:
> 7s14et
Grade: 6 cows
Turn 107:
> 1s74et
Grade: 1 bulls and 5 cows
Turn 108:
> s174et
Grade: 6 cows
Turn 109:
> 417set
Grade: 6 cows
Turn 110:
> 147set
Grade: 2 bulls and 4 cows
Turn 111:
> 741set
Grade: 1 bulls and 5 cows
Turn 112:
> 471set
Grade: 6 cows
Turn 113:
> 174set
Grade: 1 bulls and 5 cows
Turn 114:
> 714set
Grade: 6 cows
Turn 115:
> 7s41et
Grade: 6 cows
Turn 116:
> s741et
Grade: 6 cows
Turn 117:
> 47s1et
Grade: 6 cows
Turn 118:
> 74s1et
Grade: 1 bulls and 5 cows
Turn 119:
> s471et
Grade: 1 bulls and 5 cows
Turn 120:
> 4s71et
Grade: 6 cows
Turn 121:
> 4s17et
Grade: 6 cows
Turn 122:
> s417et
Grade: 1 bulls and 5 cows
Turn 123:
> 14s7et
Grade: 2 bulls and 4 cows
Turn 124:
> 41s7et
Grade: 6 cows
Turn 125:
> s147et
Grade: 6 cows
Turn 126:
> 1s47et
Grade: 1 bulls and 5 cows
Turn 127:
> es471t
Grade: 6 cows
Turn 128:
> se471t
Grade: 6 cows
Turn 129:
> 4es71t
Grade: 6 cows
Turn 130:
> e4s71t
Grade: 1 bulls and 5 cows
Turn 131:
> s4e71t
Grade: 1 bulls and 5 cows
Turn 132:
> 4se71t
Grade: 6 cows
Turn 133:
> 7se41t
Grade: 6 cows
Turn 134:
> s7e41t
Grade: 6 cows
Turn 135:
> e7s41t
Grade: 6 cows
Turn 136:
> 7es41t
Grade: 6 cows
Turn 137:
> se741t
Grade: 6 cows
Turn 138:
> es741t
Grade: 6 cows
Turn 139:
> e47s1t
Grade: 1 bulls and 5 cows
Turn 140:
> 4e7s1t
Grade: 6 cows
Turn 141:
> 7e4s1t
Grade: 6 cows
Turn 142:
> e74s1t
Grade: 6 cows
Turn 143:
> 47es1t
Grade: 6 cows
Turn 144:
> 74es1t
Grade: 1 bulls and 5 cows
Turn 145:
> 74se1t
Grade: 2 bulls and 4 cows
Turn 146:
> 47se1t
Grade: 1 bulls and 5 cows
Turn 147:
> s74e1t
Grade: 1 bulls and 5 cows
Turn 148:
> 7s4e1t
Grade: 1 bulls and 5 cows
Turn 149:
> 4s7e1t
Grade: 1 bulls and 5 cows
Turn 150:
> s47e1t
Grade: 2 bulls and 4 cows
Turn 151:
> t47e1s
Grade: 3 bulls and 3 cows
Turn 152:
> 4t7e1s
Grade: 2 bulls and 4 cows
Turn 153:
> 7t4e1s
Grade: 2 bulls and 4 cows
Turn 154:
> t74e1s
Grade: 2 bulls and 4 cows
Turn 155:
> 47te1s
Grade: 3 bulls and 3 cows
Turn 156:
> 74te1s
Grade: 4 bulls and 2 cows
Turn 157:
> e4t71s
Grade: 3 bulls and 3 cows
Turn 158:
> 4et71s
Grade: 2 bulls and 4 cows
Turn 159:
> te471s
Grade: 1 bulls and 5 cows
Turn 160:
> et471s
Grade: 1 bulls and 5 cows
Turn 161:
> 4te71s
Grade: 1 bulls and 5 cows
Turn 162:
> t4e71s
Grade: 2 bulls and 4 cows
Turn 163:
> t7e41s
Grade: 1 bulls and 5 cows
Turn 164:
> 7te41s
Grade: 1 bulls and 5 cows
Turn 165:
> et741s
Grade: 1 bulls and 5 cows
Turn 166:
> te741s
Grade: 1 bulls and 5 cows
Turn 167:
> 7et41s
Grade: 2 bulls and 4 cows
Turn 168:
> e7t41s
Grade: 2 bulls and 4 cows
Turn 169:
> e74t1s
Grade: 1 bulls and 5 cows
Turn 170:
> 7e4t1s
Grade: 1 bulls and 5 cows
Turn 171:
> 4e7t1s
Grade: 1 bulls and 5 cows
Turn 172:
> e47t1s
Grade: 2 bulls and 4 cows
Turn 173:
> 74et1s
Grade: 2 bulls and 4 cows
Turn 174:
> 47et1s
Grade: 1 bulls and 5 cows
Turn 175:
> 17et4s
Grade: 2 bulls and 4 cows
Turn 176:
> 71et4s
Grade: 1 bulls and 5 cows
Turn 177:
> e17t4s
Grade: 1 bulls and 5 cows
Turn 178:
> 1e7t4s
Grade: 2 bulls and 4 cows
Turn 179:
> 7e1t4s
Grade: 1 bulls and 5 cows
Turn 180:
> e71t4s
Grade: 1 bulls and 5 cows
Turn 181:
> t71e4s
Grade: 2 bulls and 4 cows
Turn 182:
> 7t1e4s
Grade: 2 bulls and 4 cows
Turn 183:
> 1t7e4s
Grade: 3 bulls and 3 cows
Turn 184:
> t17e4s
Grade: 2 bulls and 4 cows
Turn 185:
> 71te4s
Grade: 3 bulls and 3 cows
Turn 186:
> 17te4s
Grade: 4 bulls and 2 cows
Turn 187:
> 1et74s
Grade: 3 bulls and 3 cows
Turn 188:
> e1t74s
Grade: 2 bulls and 4 cows
Turn 189:
> t1e74s
Grade: 1 bulls and 5 cows
Turn 190:
> 1te74s
Grade: 2 bulls and 4 cows
Turn 191:
> et174s
Grade: 1 bulls and 5 cows
Turn 192:
> te174s
Grade: 1 bulls and 5 cows
Turn 193:
> te714s
Grade: 1 bulls and 5 cows
Turn 194:
> et714s
Grade: 1 bulls and 5 cows
Turn 195:
> 7te14s
Grade: 1 bulls and 5 cows
Turn 196:
> t7e14s
Grade: 1 bulls and 5 cows
Turn 197:
> e7t14s
Grade: 2 bulls and 4 cows
Turn 198:
> 7et14s
Grade: 2 bulls and 4 cows
Turn 199:
> 4et17s
Grade: 3 bulls and 3 cows
Turn 200:
> e4t17s
Grade: 4 bulls and 2 cows
Turn 201:
> t4e17s
Grade: 3 bulls and 3 cows
Turn 202:
> 4te17s
Grade: 2 bulls and 4 cows
Turn 203:
> et417s
Grade: 2 bulls and 4 cows
Turn 204:
> te417s
Grade: 2 bulls and 4 cows
Turn 205:
> 1e4t7s
Grade: 3 bulls and 3 cows
Turn 206:
> e14t7s
Grade: 2 bulls and 4 cows
Turn 207:
> 41et7s
Grade: 2 bulls and 4 cows
Turn 208:
> 14et7s
Grade: 4 bulls and 2 cows
Turn 209:
> e41t7s
Grade: 3 bulls and 3 cows
Turn 210:
> 4e1t7s
Grade: 2 bulls and 4 cows
Turn 211:
> 4t1e7s
Grade: 3 bulls and 3 cows
Turn 212:
> t41e7s
Grade: 4 bulls and 2 cows
Turn 213:
> 14te7s
Grade: 6 bulls
Grade: 6 bulls
Congratulations! You guessed the secret code.
?[1;31m
Start test 7?[0m
Input the length of the secret code:
> 0
Error! Integer length can't be 0.
null
?[1;31m
Start test 8?[0m
Input the length of the secret code:
> 10
Input the number of possible symbols in the code:
> 9
Error: it's not possible to generate a code with a length of 10 with 9 unique symbols.
null
?[1;31m
Start test 9?[0m
Input the length of the secret code:
> 9
Input the number of possible symbols in the code:
> 37
The secret is prepared: ********* (0-9, a-z).
Error: can't generate a secret number with a length of 37 because there aren't enough unique digits.
null
?[1;31m
Start test 10?[0m
Input the length of the secret code:
> abcdefg 1 -6
Error: abcdefg 1 -6 isn't a valid number.
null
]]></system-out>
  <system-err><![CDATA[]]></system-err>
</testsuite>
