<?xml version="1.0" encoding="UTF-8"?>
<testsuite name="LastPencilTest" tests="1" skipped="0" failures="0" errors="0" timestamp="2024-08-13T17:12:02" hostname="Tamass-MacBook-Air-2.local" time="0.441">
  <properties/>
  <testcase name="start" classname="LastPencilTest" time="0.441"/>
  <system-out><![CDATA[?[1;31m
Start test 1?[0m
How many pencils would you like to use:
> 0
The number of pencils should be positive
> a
The number of pencils should be numeric
> 0
The number of pencils should be positive
> 1
Who will be the first (John, Jack):
?[1;31m
Start test 2?[0m
How many pencils would you like to use:
> a
The number of pencils should be numeric
?[1;31m
Start test 3?[0m
How many pencils would you like to use:
> _
The number of pencils should be numeric
?[1;31m
Start test 4?[0m
How many pencils would you like to use:
> test
The number of pencils should be numeric
?[1;31m
Start test 5?[0m
How many pencils would you like to use:
> |
The number of pencils should be numeric
?[1;31m
Start test 6?[0m
How many pencils would you like to use:
> |||||
The number of pencils should be numeric
?[1;31m
Start test 7?[0m
How many pencils would you like to use:
>  
The number of pencils should be numeric
?[1;31m
Start test 8?[0m
How many pencils would you like to use:
> -
The number of pencils should be numeric
?[1;31m
Start test 9?[0m
How many pencils would you like to use:
> two
The number of pencils should be numeric
?[1;31m
Start test 10?[0m
How many pencils would you like to use:
> 10g
The number of pencils should be numeric
?[1;31m
Start test 11?[0m
How many pencils would you like to use:
> k5
The number of pencils should be numeric
?[1;31m
Start test 12?[0m
How many pencils would you like to use:
> -0.2
The number of pencils should be numeric
?[1;31m
Start test 13?[0m
How many pencils would you like to use:
> 0.3
The number of pencils should be numeric
?[1;31m
Start test 14?[0m
How many pencils would you like to use:
> 1
Who will be the first (John, Jack):
?[1;31m
Start test 15?[0m
How many pencils would you like to use:
> 2
Who will be the first (John, Jack):
> JohnJack
Choose between 'John' and 'Jack'
> JohnJack
Choose between 'John' and 'Jack'
> JohnJack
Choose between 'John' and 'Jack'
> JohnJack
Choose between 'John' and 'Jack'
> JohnJack
Choose between 'John' and 'Jack'
> John
||
John's turn!
> 4
Possible values: '1', '2' or '3'
> a
Possible values: '1', '2' or '3'
> 0
Possible values: '1', '2' or '3'
> -1
Possible values: '1', '2' or '3'
> _
Possible values: '1', '2' or '3'
> |
Possible values: '1', '2' or '3'
> |||||
Possible values: '1', '2' or '3'
> 3
Too many pencils were taken
> 2
Jack won!
?[1;31m
Start test 16?[0m
How many pencils would you like to use:
> 3
Who will be the first (John, Jack):
> JohnJack
Choose between 'John' and 'Jack'
> JohnJack
Choose between 'John' and 'Jack'
> JohnJack
Choose between 'John' and 'Jack'
> JohnJack
Choose between 'John' and 'Jack'
> JohnJack
Choose between 'John' and 'Jack'
> John
|||
John's turn!
> 4
Possible values: '1', '2' or '3'
> a
Possible values: '1', '2' or '3'
> 0
Possible values: '1', '2' or '3'
> -1
Possible values: '1', '2' or '3'
> _
Possible values: '1', '2' or '3'
> |
Possible values: '1', '2' or '3'
> |||||
Possible values: '1', '2' or '3'
> 2
|
Jack's turn!
1
John won!
?[1;31m
Start test 17?[0m
How many pencils would you like to use:
> 4
Who will be the first (John, Jack):
> JohnJack
Choose between 'John' and 'Jack'
> JohnJack
Choose between 'John' and 'Jack'
> JohnJack
Choose between 'John' and 'Jack'
> JohnJack
Choose between 'John' and 'Jack'
> JohnJack
Choose between 'John' and 'Jack'
> John
||||
John's turn!
> 4
Possible values: '1', '2' or '3'
> a
Possible values: '1', '2' or '3'
> 0
Possible values: '1', '2' or '3'
> -1
Possible values: '1', '2' or '3'
> _
Possible values: '1', '2' or '3'
> |
Possible values: '1', '2' or '3'
> |||||
Possible values: '1', '2' or '3'
> 2
||
Jack's turn!
1
|
John's turn!
> 4
Possible values: '1', '2' or '3'
> a
Possible values: '1', '2' or '3'
> 0
Possible values: '1', '2' or '3'
> -1
Possible values: '1', '2' or '3'
> _
Possible values: '1', '2' or '3'
> |
Possible values: '1', '2' or '3'
> |||||
Possible values: '1', '2' or '3'
> 2
Too many pencils were taken
> 1
Jack won!
?[1;31m
Start test 18?[0m
How many pencils would you like to use:
> 5
Who will be the first (John, Jack):
> JohnJack
Choose between 'John' and 'Jack'
> JohnJack
Choose between 'John' and 'Jack'
> JohnJack
Choose between 'John' and 'Jack'
> JohnJack
Choose between 'John' and 'Jack'
> JohnJack
Choose between 'John' and 'Jack'
> John
|||||
John's turn!
> 4
Possible values: '1', '2' or '3'
> a
Possible values: '1', '2' or '3'
> 0
Possible values: '1', '2' or '3'
> -1
Possible values: '1', '2' or '3'
> _
Possible values: '1', '2' or '3'
> |
Possible values: '1', '2' or '3'
> |||||
Possible values: '1', '2' or '3'
> 3
||
Jack's turn!
1
|
John's turn!
> 4
Possible values: '1', '2' or '3'
> a
Possible values: '1', '2' or '3'
> 0
Possible values: '1', '2' or '3'
> -1
Possible values: '1', '2' or '3'
> _
Possible values: '1', '2' or '3'
> |
Possible values: '1', '2' or '3'
> |||||
Possible values: '1', '2' or '3'
> 2
Too many pencils were taken
> 1
Jack won!
?[1;31m
Start test 19?[0m
How many pencils would you like to use:
> 9
Who will be the first (John, Jack):
> JohnJack
Choose between 'John' and 'Jack'
> JohnJack
Choose between 'John' and 'Jack'
> JohnJack
Choose between 'John' and 'Jack'
> JohnJack
Choose between 'John' and 'Jack'
> JohnJack
Choose between 'John' and 'Jack'
> John
|||||||||
John's turn!
> 4
Possible values: '1', '2' or '3'
> a
Possible values: '1', '2' or '3'
> 0
Possible values: '1', '2' or '3'
> -1
Possible values: '1', '2' or '3'
> _
Possible values: '1', '2' or '3'
> |
Possible values: '1', '2' or '3'
> |||||
Possible values: '1', '2' or '3'
> 2
|||||||
Jack's turn!
2
|||||
John's turn!
> 4
Possible values: '1', '2' or '3'
> a
Possible values: '1', '2' or '3'
> 0
Possible values: '1', '2' or '3'
> -1
Possible values: '1', '2' or '3'
> _
Possible values: '1', '2' or '3'
> |
Possible values: '1', '2' or '3'
> |||||
Possible values: '1', '2' or '3'
> 3
||
Jack's turn!
1
|
John's turn!
> 4
Possible values: '1', '2' or '3'
> a
Possible values: '1', '2' or '3'
> 0
Possible values: '1', '2' or '3'
> -1
Possible values: '1', '2' or '3'
> _
Possible values: '1', '2' or '3'
> |
Possible values: '1', '2' or '3'
> |||||
Possible values: '1', '2' or '3'
> 2
Too many pencils were taken
> 1
Jack won!
?[1;31m
Start test 20?[0m
How many pencils would you like to use:
> 13
Who will be the first (John, Jack):
> JohnJack
Choose between 'John' and 'Jack'
> JohnJack
Choose between 'John' and 'Jack'
> JohnJack
Choose between 'John' and 'Jack'
> JohnJack
Choose between 'John' and 'Jack'
> JohnJack
Choose between 'John' and 'Jack'
> John
|||||||||||||
John's turn!
> 4
Possible values: '1', '2' or '3'
> a
Possible values: '1', '2' or '3'
> 0
Possible values: '1', '2' or '3'
> -1
Possible values: '1', '2' or '3'
> _
Possible values: '1', '2' or '3'
> |
Possible values: '1', '2' or '3'
> |||||
Possible values: '1', '2' or '3'
> 2
|||||||||||
Jack's turn!
2
|||||||||
John's turn!
> 4
Possible values: '1', '2' or '3'
> a
Possible values: '1', '2' or '3'
> 0
Possible values: '1', '2' or '3'
> -1
Possible values: '1', '2' or '3'
> _
Possible values: '1', '2' or '3'
> |
Possible values: '1', '2' or '3'
> |||||
Possible values: '1', '2' or '3'
> 2
|||||||
Jack's turn!
2
|||||
John's turn!
> 4
Possible values: '1', '2' or '3'
> a
Possible values: '1', '2' or '3'
> 0
Possible values: '1', '2' or '3'
> -1
Possible values: '1', '2' or '3'
> _
Possible values: '1', '2' or '3'
> |
Possible values: '1', '2' or '3'
> |||||
Possible values: '1', '2' or '3'
> 2
|||
Jack's turn!
2
|
John's turn!
> 4
Possible values: '1', '2' or '3'
> a
Possible values: '1', '2' or '3'
> 0
Possible values: '1', '2' or '3'
> -1
Possible values: '1', '2' or '3'
> _
Possible values: '1', '2' or '3'
> |
Possible values: '1', '2' or '3'
> |||||
Possible values: '1', '2' or '3'
> 3
Too many pencils were taken
> 1
Jack won!
?[1;31m
Start test 21?[0m
How many pencils would you like to use:
> 17
Who will be the first (John, Jack):
> JohnJack
Choose between 'John' and 'Jack'
> JohnJack
Choose between 'John' and 'Jack'
> JohnJack
Choose between 'John' and 'Jack'
> JohnJack
Choose between 'John' and 'Jack'
> JohnJack
Choose between 'John' and 'Jack'
> John
|||||||||||||||||
John's turn!
> 4
Possible values: '1', '2' or '3'
> a
Possible values: '1', '2' or '3'
> 0
Possible values: '1', '2' or '3'
> -1
Possible values: '1', '2' or '3'
> _
Possible values: '1', '2' or '3'
> |
Possible values: '1', '2' or '3'
> |||||
Possible values: '1', '2' or '3'
> 1
||||||||||||||||
Jack's turn!
3
|||||||||||||
John's turn!
> 4
Possible values: '1', '2' or '3'
> a
Possible values: '1', '2' or '3'
> 0
Possible values: '1', '2' or '3'
> -1
Possible values: '1', '2' or '3'
> _
Possible values: '1', '2' or '3'
> |
Possible values: '1', '2' or '3'
> |||||
Possible values: '1', '2' or '3'
> 3
||||||||||
Jack's turn!
1
|||||||||
John's turn!
> 4
Possible values: '1', '2' or '3'
> a
Possible values: '1', '2' or '3'
> 0
Possible values: '1', '2' or '3'
> -1
Possible values: '1', '2' or '3'
> _
Possible values: '1', '2' or '3'
> |
Possible values: '1', '2' or '3'
> |||||
Possible values: '1', '2' or '3'
> 3
||||||
Jack's turn!
1
|||||
John's turn!
> 4
Possible values: '1', '2' or '3'
> a
Possible values: '1', '2' or '3'
> 0
Possible values: '1', '2' or '3'
> -1
Possible values: '1', '2' or '3'
> _
Possible values: '1', '2' or '3'
> |
Possible values: '1', '2' or '3'
> |||||
Possible values: '1', '2' or '3'
> 1
||||
Jack's turn!
3
|
John's turn!
> 4
Possible values: '1', '2' or '3'
> a
Possible values: '1', '2' or '3'
> 0
Possible values: '1', '2' or '3'
> -1
Possible values: '1', '2' or '3'
> _
Possible values: '1', '2' or '3'
> |
Possible values: '1', '2' or '3'
> |||||
Possible values: '1', '2' or '3'
> 3
Too many pencils were taken
> 1
Jack won!
?[1;31m
Start test 22?[0m
How many pencils would you like to use:
> 21
Who will be the first (John, Jack):
> JohnJack
Choose between 'John' and 'Jack'
> JohnJack
Choose between 'John' and 'Jack'
> JohnJack
Choose between 'John' and 'Jack'
> JohnJack
Choose between 'John' and 'Jack'
> JohnJack
Choose between 'John' and 'Jack'
> John
|||||||||||||||||||||
John's turn!
> 4
Possible values: '1', '2' or '3'
> a
Possible values: '1', '2' or '3'
> 0
Possible values: '1', '2' or '3'
> -1
Possible values: '1', '2' or '3'
> _
Possible values: '1', '2' or '3'
> |
Possible values: '1', '2' or '3'
> |||||
Possible values: '1', '2' or '3'
> 2
|||||||||||||||||||
Jack's turn!
2
|||||||||||||||||
John's turn!
> 4
Possible values: '1', '2' or '3'
> a
Possible values: '1', '2' or '3'
> 0
Possible values: '1', '2' or '3'
> -1
Possible values: '1', '2' or '3'
> _
Possible values: '1', '2' or '3'
> |
Possible values: '1', '2' or '3'
> |||||
Possible values: '1', '2' or '3'
> 1
||||||||||||||||
Jack's turn!
3
|||||||||||||
John's turn!
> 4
Possible values: '1', '2' or '3'
> a
Possible values: '1', '2' or '3'
> 0
Possible values: '1', '2' or '3'
> -1
Possible values: '1', '2' or '3'
> _
Possible values: '1', '2' or '3'
> |
Possible values: '1', '2' or '3'
> |||||
Possible values: '1', '2' or '3'
> 3
||||||||||
Jack's turn!
1
|||||||||
John's turn!
> 4
Possible values: '1', '2' or '3'
> a
Possible values: '1', '2' or '3'
> 0
Possible values: '1', '2' or '3'
> -1
Possible values: '1', '2' or '3'
> _
Possible values: '1', '2' or '3'
> |
Possible values: '1', '2' or '3'
> |||||
Possible values: '1', '2' or '3'
> 2
|||||||
Jack's turn!
2
|||||
John's turn!
> 4
Possible values: '1', '2' or '3'
> a
Possible values: '1', '2' or '3'
> 0
Possible values: '1', '2' or '3'
> -1
Possible values: '1', '2' or '3'
> _
Possible values: '1', '2' or '3'
> |
Possible values: '1', '2' or '3'
> |||||
Possible values: '1', '2' or '3'
> 3
||
Jack's turn!
1
|
John's turn!
> 4
Possible values: '1', '2' or '3'
> a
Possible values: '1', '2' or '3'
> 0
Possible values: '1', '2' or '3'
> -1
Possible values: '1', '2' or '3'
> _
Possible values: '1', '2' or '3'
> |
Possible values: '1', '2' or '3'
> |||||
Possible values: '1', '2' or '3'
> 2
Too many pencils were taken
> 1
Jack won!
?[1;31m
Start test 23?[0m
How many pencils would you like to use:
> 101
Who will be the first (John, Jack):
> JohnJack
Choose between 'John' and 'Jack'
> JohnJack
Choose between 'John' and 'Jack'
> JohnJack
Choose between 'John' and 'Jack'
> JohnJack
Choose between 'John' and 'Jack'
> JohnJack
Choose between 'John' and 'Jack'
> John
|||||||||||||||||||||||||||||||||||||||||||||||||||||||||||||||||||||||||||||||||||||||||||||||||||||
John's turn!
> 4
Possible values: '1', '2' or '3'
> a
Possible values: '1', '2' or '3'
> 0
Possible values: '1', '2' or '3'
> -1
Possible values: '1', '2' or '3'
> _
Possible values: '1', '2' or '3'
> |
Possible values: '1', '2' or '3'
> |||||
Possible values: '1', '2' or '3'
> 2
|||||||||||||||||||||||||||||||||||||||||||||||||||||||||||||||||||||||||||||||||||||||||||||||||||
Jack's turn!
2
|||||||||||||||||||||||||||||||||||||||||||||||||||||||||||||||||||||||||||||||||||||||||||||||||
John's turn!
> 4
Possible values: '1', '2' or '3'
> a
Possible values: '1', '2' or '3'
> 0
Possible values: '1', '2' or '3'
> -1
Possible values: '1', '2' or '3'
> _
Possible values: '1', '2' or '3'
> |
Possible values: '1', '2' or '3'
> |||||
Possible values: '1', '2' or '3'
> 2
|||||||||||||||||||||||||||||||||||||||||||||||||||||||||||||||||||||||||||||||||||||||||||||||
Jack's turn!
2
|||||||||||||||||||||||||||||||||||||||||||||||||||||||||||||||||||||||||||||||||||||||||||||
John's turn!
> 4
Possible values: '1', '2' or '3'
> a
Possible values: '1', '2' or '3'
> 0
Possible values: '1', '2' or '3'
> -1
Possible values: '1', '2' or '3'
> _
Possible values: '1', '2' or '3'
> |
Possible values: '1', '2' or '3'
> |||||
Possible values: '1', '2' or '3'
> 3
||||||||||||||||||||||||||||||||||||||||||||||||||||||||||||||||||||||||||||||||||||||||||
Jack's turn!
1
|||||||||||||||||||||||||||||||||||||||||||||||||||||||||||||||||||||||||||||||||||||||||
John's turn!
> 4
Possible values: '1', '2' or '3'
> a
Possible values: '1', '2' or '3'
> 0
Possible values: '1', '2' or '3'
> -1
Possible values: '1', '2' or '3'
> _
Possible values: '1', '2' or '3'
> |
Possible values: '1', '2' or '3'
> |||||
Possible values: '1', '2' or '3'
> 1
||||||||||||||||||||||||||||||||||||||||||||||||||||||||||||||||||||||||||||||||||||||||
Jack's turn!
3
|||||||||||||||||||||||||||||||||||||||||||||||||||||||||||||||||||||||||||||||||||||
John's turn!
> 4
Possible values: '1', '2' or '3'
> a
Possible values: '1', '2' or '3'
> 0
Possible values: '1', '2' or '3'
> -1
Possible values: '1', '2' or '3'
> _
Possible values: '1', '2' or '3'
> |
Possible values: '1', '2' or '3'
> |||||
Possible values: '1', '2' or '3'
> 2
|||||||||||||||||||||||||||||||||||||||||||||||||||||||||||||||||||||||||||||||||||
Jack's turn!
2
|||||||||||||||||||||||||||||||||||||||||||||||||||||||||||||||||||||||||||||||||
John's turn!
> 4
Possible values: '1', '2' or '3'
> a
Possible values: '1', '2' or '3'
> 0
Possible values: '1', '2' or '3'
> -1
Possible values: '1', '2' or '3'
> _
Possible values: '1', '2' or '3'
> |
Possible values: '1', '2' or '3'
> |||||
Possible values: '1', '2' or '3'
> 1
||||||||||||||||||||||||||||||||||||||||||||||||||||||||||||||||||||||||||||||||
Jack's turn!
3
|||||||||||||||||||||||||||||||||||||||||||||||||||||||||||||||||||||||||||||
John's turn!
> 4
Possible values: '1', '2' or '3'
> a
Possible values: '1', '2' or '3'
> 0
Possible values: '1', '2' or '3'
> -1
Possible values: '1', '2' or '3'
> _
Possible values: '1', '2' or '3'
> |
Possible values: '1', '2' or '3'
> |||||
Possible values: '1', '2' or '3'
> 3
||||||||||||||||||||||||||||||||||||||||||||||||||||||||||||||||||||||||||
Jack's turn!
1
|||||||||||||||||||||||||||||||||||||||||||||||||||||||||||||||||||||||||
John's turn!
> 4
Possible values: '1', '2' or '3'
> a
Possible values: '1', '2' or '3'
> 0
Possible values: '1', '2' or '3'
> -1
Possible values: '1', '2' or '3'
> _
Possible values: '1', '2' or '3'
> |
Possible values: '1', '2' or '3'
> |||||
Possible values: '1', '2' or '3'
> 2
|||||||||||||||||||||||||||||||||||||||||||||||||||||||||||||||||||||||
Jack's turn!
2
|||||||||||||||||||||||||||||||||||||||||||||||||||||||||||||||||||||
John's turn!
> 4
Possible values: '1', '2' or '3'
> a
Possible values: '1', '2' or '3'
> 0
Possible values: '1', '2' or '3'
> -1
Possible values: '1', '2' or '3'
> _
Possible values: '1', '2' or '3'
> |
Possible values: '1', '2' or '3'
> |||||
Possible values: '1', '2' or '3'
> 2
|||||||||||||||||||||||||||||||||||||||||||||||||||||||||||||||||||
Jack's turn!
2
|||||||||||||||||||||||||||||||||||||||||||||||||||||||||||||||||
John's turn!
> 4
Possible values: '1', '2' or '3'
> a
Possible values: '1', '2' or '3'
> 0
Possible values: '1', '2' or '3'
> -1
Possible values: '1', '2' or '3'
> _
Possible values: '1', '2' or '3'
> |
Possible values: '1', '2' or '3'
> |||||
Possible values: '1', '2' or '3'
> 3
||||||||||||||||||||||||||||||||||||||||||||||||||||||||||||||
Jack's turn!
1
|||||||||||||||||||||||||||||||||||||||||||||||||||||||||||||
John's turn!
> 4
Possible values: '1', '2' or '3'
> a
Possible values: '1', '2' or '3'
> 0
Possible values: '1', '2' or '3'
> -1
Possible values: '1', '2' or '3'
> _
Possible values: '1', '2' or '3'
> |
Possible values: '1', '2' or '3'
> |||||
Possible values: '1', '2' or '3'
> 3
||||||||||||||||||||||||||||||||||||||||||||||||||||||||||
Jack's turn!
1
|||||||||||||||||||||||||||||||||||||||||||||||||||||||||
John's turn!
> 4
Possible values: '1', '2' or '3'
> a
Possible values: '1', '2' or '3'
> 0
Possible values: '1', '2' or '3'
> -1
Possible values: '1', '2' or '3'
> _
Possible values: '1', '2' or '3'
> |
Possible values: '1', '2' or '3'
> |||||
Possible values: '1', '2' or '3'
> 2
|||||||||||||||||||||||||||||||||||||||||||||||||||||||
Jack's turn!
2
|||||||||||||||||||||||||||||||||||||||||||||||||||||
John's turn!
> 4
Possible values: '1', '2' or '3'
> a
Possible values: '1', '2' or '3'
> 0
Possible values: '1', '2' or '3'
> -1
Possible values: '1', '2' or '3'
> _
Possible values: '1', '2' or '3'
> |
Possible values: '1', '2' or '3'
> |||||
Possible values: '1', '2' or '3'
> 1
||||||||||||||||||||||||||||||||||||||||||||||||||||
Jack's turn!
3
|||||||||||||||||||||||||||||||||||||||||||||||||
John's turn!
> 4
Possible values: '1', '2' or '3'
> a
Possible values: '1', '2' or '3'
> 0
Possible values: '1', '2' or '3'
> -1
Possible values: '1', '2' or '3'
> _
Possible values: '1', '2' or '3'
> |
Possible values: '1', '2' or '3'
> |||||
Possible values: '1', '2' or '3'
> 3
||||||||||||||||||||||||||||||||||||||||||||||
Jack's turn!
1
|||||||||||||||||||||||||||||||||||||||||||||
John's turn!
> 4
Possible values: '1', '2' or '3'
> a
Possible values: '1', '2' or '3'
> 0
Possible values: '1', '2' or '3'
> -1
Possible values: '1', '2' or '3'
> _
Possible values: '1', '2' or '3'
> |
Possible values: '1', '2' or '3'
> |||||
Possible values: '1', '2' or '3'
> 1
||||||||||||||||||||||||||||||||||||||||||||
Jack's turn!
3
|||||||||||||||||||||||||||||||||||||||||
John's turn!
> 4
Possible values: '1', '2' or '3'
> a
Possible values: '1', '2' or '3'
> 0
Possible values: '1', '2' or '3'
> -1
Possible values: '1', '2' or '3'
> _
Possible values: '1', '2' or '3'
> |
Possible values: '1', '2' or '3'
> |||||
Possible values: '1', '2' or '3'
> 3
||||||||||||||||||||||||||||||||||||||
Jack's turn!
1
|||||||||||||||||||||||||||||||||||||
John's turn!
> 4
Possible values: '1', '2' or '3'
> a
Possible values: '1', '2' or '3'
> 0
Possible values: '1', '2' or '3'
> -1
Possible values: '1', '2' or '3'
> _
Possible values: '1', '2' or '3'
> |
Possible values: '1', '2' or '3'
> |||||
Possible values: '1', '2' or '3'
> 3
||||||||||||||||||||||||||||||||||
Jack's turn!
1
|||||||||||||||||||||||||||||||||
John's turn!
> 4
Possible values: '1', '2' or '3'
> a
Possible values: '1', '2' or '3'
> 0
Possible values: '1', '2' or '3'
> -1
Possible values: '1', '2' or '3'
> _
Possible values: '1', '2' or '3'
> |
Possible values: '1', '2' or '3'
> |||||
Possible values: '1', '2' or '3'
> 1
||||||||||||||||||||||||||||||||
Jack's turn!
3
|||||||||||||||||||||||||||||
John's turn!
> 4
Possible values: '1', '2' or '3'
> a
Possible values: '1', '2' or '3'
> 0
Possible values: '1', '2' or '3'
> -1
Possible values: '1', '2' or '3'
> _
Possible values: '1', '2' or '3'
> |
Possible values: '1', '2' or '3'
> |||||
Possible values: '1', '2' or '3'
> 2
|||||||||||||||||||||||||||
Jack's turn!
2
|||||||||||||||||||||||||
John's turn!
> 4
Possible values: '1', '2' or '3'
> a
Possible values: '1', '2' or '3'
> 0
Possible values: '1', '2' or '3'
> -1
Possible values: '1', '2' or '3'
> _
Possible values: '1', '2' or '3'
> |
Possible values: '1', '2' or '3'
> |||||
Possible values: '1', '2' or '3'
> 3
||||||||||||||||||||||
Jack's turn!
1
|||||||||||||||||||||
John's turn!
> 4
Possible values: '1', '2' or '3'
> a
Possible values: '1', '2' or '3'
> 0
Possible values: '1', '2' or '3'
> -1
Possible values: '1', '2' or '3'
> _
Possible values: '1', '2' or '3'
> |
Possible values: '1', '2' or '3'
> |||||
Possible values: '1', '2' or '3'
> 1
||||||||||||||||||||
Jack's turn!
3
|||||||||||||||||
John's turn!
> 4
Possible values: '1', '2' or '3'
> a
Possible values: '1', '2' or '3'
> 0
Possible values: '1', '2' or '3'
> -1
Possible values: '1', '2' or '3'
> _
Possible values: '1', '2' or '3'
> |
Possible values: '1', '2' or '3'
> |||||
Possible values: '1', '2' or '3'
> 1
||||||||||||||||
Jack's turn!
3
|||||||||||||
John's turn!
> 4
Possible values: '1', '2' or '3'
> a
Possible values: '1', '2' or '3'
> 0
Possible values: '1', '2' or '3'
> -1
Possible values: '1', '2' or '3'
> _
Possible values: '1', '2' or '3'
> |
Possible values: '1', '2' or '3'
> |||||
Possible values: '1', '2' or '3'
> 3
||||||||||
Jack's turn!
1
|||||||||
John's turn!
> 4
Possible values: '1', '2' or '3'
> a
Possible values: '1', '2' or '3'
> 0
Possible values: '1', '2' or '3'
> -1
Possible values: '1', '2' or '3'
> _
Possible values: '1', '2' or '3'
> |
Possible values: '1', '2' or '3'
> |||||
Possible values: '1', '2' or '3'
> 3
||||||
Jack's turn!
1
|||||
John's turn!
> 4
Possible values: '1', '2' or '3'
> a
Possible values: '1', '2' or '3'
> 0
Possible values: '1', '2' or '3'
> -1
Possible values: '1', '2' or '3'
> _
Possible values: '1', '2' or '3'
> |
Possible values: '1', '2' or '3'
> |||||
Possible values: '1', '2' or '3'
> 1
||||
Jack's turn!
3
|
John's turn!
> 4
Possible values: '1', '2' or '3'
> a
Possible values: '1', '2' or '3'
> 0
Possible values: '1', '2' or '3'
> -1
Possible values: '1', '2' or '3'
> _
Possible values: '1', '2' or '3'
> |
Possible values: '1', '2' or '3'
> |||||
Possible values: '1', '2' or '3'
> 3
Too many pencils were taken
> 1
Jack won!
?[1;31m
Start test 24?[0m
How many pencils would you like to use:
> 2
Who will be the first (John, Jack):
> JohnJack
Choose between 'John' and 'Jack'
> JohnJack
Choose between 'John' and 'Jack'
> JohnJack
Choose between 'John' and 'Jack'
> JohnJack
Choose between 'John' and 'Jack'
> JohnJack
Choose between 'John' and 'Jack'
> Jack
||
Jack's turn!
1
|
John's turn!
> 4
Possible values: '1', '2' or '3'
> a
Possible values: '1', '2' or '3'
> 0
Possible values: '1', '2' or '3'
> -1
Possible values: '1', '2' or '3'
> _
Possible values: '1', '2' or '3'
> |
Possible values: '1', '2' or '3'
> |||||
Possible values: '1', '2' or '3'
> 1
Jack won!
?[1;31m
Start test 25?[0m
How many pencils would you like to use:
> 3
Who will be the first (John, Jack):
> JohnJack
Choose between 'John' and 'Jack'
> JohnJack
Choose between 'John' and 'Jack'
> JohnJack
Choose between 'John' and 'Jack'
> JohnJack
Choose between 'John' and 'Jack'
> JohnJack
Choose between 'John' and 'Jack'
> Jack
|||
Jack's turn!
2
|
John's turn!
> 4
Possible values: '1', '2' or '3'
> a
Possible values: '1', '2' or '3'
> 0
Possible values: '1', '2' or '3'
> -1
Possible values: '1', '2' or '3'
> _
Possible values: '1', '2' or '3'
> |
Possible values: '1', '2' or '3'
> |||||
Possible values: '1', '2' or '3'
> 3
Too many pencils were taken
> 1
Jack won!
?[1;31m
Start test 26?[0m
How many pencils would you like to use:
> 4
Who will be the first (John, Jack):
> JohnJack
Choose between 'John' and 'Jack'
> JohnJack
Choose between 'John' and 'Jack'
> JohnJack
Choose between 'John' and 'Jack'
> JohnJack
Choose between 'John' and 'Jack'
> JohnJack
Choose between 'John' and 'Jack'
> Jack
||||
Jack's turn!
3
|
John's turn!
> 4
Possible values: '1', '2' or '3'
> a
Possible values: '1', '2' or '3'
> 0
Possible values: '1', '2' or '3'
> -1
Possible values: '1', '2' or '3'
> _
Possible values: '1', '2' or '3'
> |
Possible values: '1', '2' or '3'
> |||||
Possible values: '1', '2' or '3'
> 3
Too many pencils were taken
> 1
Jack won!
?[1;31m
Start test 27?[0m
How many pencils would you like to use:
> 5
Who will be the first (John, Jack):
> JohnJack
Choose between 'John' and 'Jack'
> JohnJack
Choose between 'John' and 'Jack'
> JohnJack
Choose between 'John' and 'Jack'
> JohnJack
Choose between 'John' and 'Jack'
> JohnJack
Choose between 'John' and 'Jack'
> Jack
|||||
Jack's turn!
3
||
John's turn!
> 4
Possible values: '1', '2' or '3'
> a
Possible values: '1', '2' or '3'
> 0
Possible values: '1', '2' or '3'
> -1
Possible values: '1', '2' or '3'
> _
Possible values: '1', '2' or '3'
> |
Possible values: '1', '2' or '3'
> |||||
Possible values: '1', '2' or '3'
> 3
Too many pencils were taken
> 2
Jack won!
?[1;31m
Start test 28?[0m
How many pencils would you like to use:
> 9
Who will be the first (John, Jack):
> JohnJack
Choose between 'John' and 'Jack'
> JohnJack
Choose between 'John' and 'Jack'
> JohnJack
Choose between 'John' and 'Jack'
> JohnJack
Choose between 'John' and 'Jack'
> JohnJack
Choose between 'John' and 'Jack'
> Jack
|||||||||
Jack's turn!
3
||||||
John's turn!
> 4
Possible values: '1', '2' or '3'
> a
Possible values: '1', '2' or '3'
> 0
Possible values: '1', '2' or '3'
> -1
Possible values: '1', '2' or '3'
> _
Possible values: '1', '2' or '3'
> |
Possible values: '1', '2' or '3'
> |||||
Possible values: '1', '2' or '3'
> 2
||||
Jack's turn!
3
|
John's turn!
> 4
Possible values: '1', '2' or '3'
> a
Possible values: '1', '2' or '3'
> 0
Possible values: '1', '2' or '3'
> -1
Possible values: '1', '2' or '3'
> _
Possible values: '1', '2' or '3'
> |
Possible values: '1', '2' or '3'
> |||||
Possible values: '1', '2' or '3'
> 3
Too many pencils were taken
> 1
Jack won!
?[1;31m
Start test 29?[0m
How many pencils would you like to use:
> 13
Who will be the first (John, Jack):
> JohnJack
Choose between 'John' and 'Jack'
> JohnJack
Choose between 'John' and 'Jack'
> JohnJack
Choose between 'John' and 'Jack'
> JohnJack
Choose between 'John' and 'Jack'
> JohnJack
Choose between 'John' and 'Jack'
> Jack
|||||||||||||
Jack's turn!
1
||||||||||||
John's turn!
> 4
Possible values: '1', '2' or '3'
> a
Possible values: '1', '2' or '3'
> 0
Possible values: '1', '2' or '3'
> -1
Possible values: '1', '2' or '3'
> _
Possible values: '1', '2' or '3'
> |
Possible values: '1', '2' or '3'
> |||||
Possible values: '1', '2' or '3'
> 2
||||||||||
Jack's turn!
1
|||||||||
John's turn!
> 4
Possible values: '1', '2' or '3'
> a
Possible values: '1', '2' or '3'
> 0
Possible values: '1', '2' or '3'
> -1
Possible values: '1', '2' or '3'
> _
Possible values: '1', '2' or '3'
> |
Possible values: '1', '2' or '3'
> |||||
Possible values: '1', '2' or '3'
> 2
|||||||
Jack's turn!
2
|||||
John's turn!
> 4
Possible values: '1', '2' or '3'
> a
Possible values: '1', '2' or '3'
> 0
Possible values: '1', '2' or '3'
> -1
Possible values: '1', '2' or '3'
> _
Possible values: '1', '2' or '3'
> |
Possible values: '1', '2' or '3'
> |||||
Possible values: '1', '2' or '3'
> 2
|||
Jack's turn!
2
|
John's turn!
> 4
Possible values: '1', '2' or '3'
> a
Possible values: '1', '2' or '3'
> 0
Possible values: '1', '2' or '3'
> -1
Possible values: '1', '2' or '3'
> _
Possible values: '1', '2' or '3'
> |
Possible values: '1', '2' or '3'
> |||||
Possible values: '1', '2' or '3'
> 3
Too many pencils were taken
> 1
Jack won!
?[1;31m
Start test 30?[0m
How many pencils would you like to use:
> 17
Who will be the first (John, Jack):
> JohnJack
Choose between 'John' and 'Jack'
> JohnJack
Choose between 'John' and 'Jack'
> JohnJack
Choose between 'John' and 'Jack'
> JohnJack
Choose between 'John' and 'Jack'
> JohnJack
Choose between 'John' and 'Jack'
> Jack
|||||||||||||||||
Jack's turn!
1
||||||||||||||||
John's turn!
> 4
Possible values: '1', '2' or '3'
> a
Possible values: '1', '2' or '3'
> 0
Possible values: '1', '2' or '3'
> -1
Possible values: '1', '2' or '3'
> _
Possible values: '1', '2' or '3'
> |
Possible values: '1', '2' or '3'
> |||||
Possible values: '1', '2' or '3'
> 1
|||||||||||||||
Jack's turn!
2
|||||||||||||
John's turn!
> 4
Possible values: '1', '2' or '3'
> a
Possible values: '1', '2' or '3'
> 0
Possible values: '1', '2' or '3'
> -1
Possible values: '1', '2' or '3'
> _
Possible values: '1', '2' or '3'
> |
Possible values: '1', '2' or '3'
> |||||
Possible values: '1', '2' or '3'
> 2
|||||||||||
Jack's turn!
2
|||||||||
John's turn!
> 4
Possible values: '1', '2' or '3'
> a
Possible values: '1', '2' or '3'
> 0
Possible values: '1', '2' or '3'
> -1
Possible values: '1', '2' or '3'
> _
Possible values: '1', '2' or '3'
> |
Possible values: '1', '2' or '3'
> |||||
Possible values: '1', '2' or '3'
> 3
||||||
Jack's turn!
1
|||||
John's turn!
> 4
Possible values: '1', '2' or '3'
> a
Possible values: '1', '2' or '3'
> 0
Possible values: '1', '2' or '3'
> -1
Possible values: '1', '2' or '3'
> _
Possible values: '1', '2' or '3'
> |
Possible values: '1', '2' or '3'
> |||||
Possible values: '1', '2' or '3'
> 3
||
Jack's turn!
1
|
John's turn!
> 4
Possible values: '1', '2' or '3'
> a
Possible values: '1', '2' or '3'
> 0
Possible values: '1', '2' or '3'
> -1
Possible values: '1', '2' or '3'
> _
Possible values: '1', '2' or '3'
> |
Possible values: '1', '2' or '3'
> |||||
Possible values: '1', '2' or '3'
> 2
Too many pencils were taken
> 1
Jack won!
?[1;31m
Start test 31?[0m
How many pencils would you like to use:
> 21
Who will be the first (John, Jack):
> JohnJack
Choose between 'John' and 'Jack'
> JohnJack
Choose between 'John' and 'Jack'
> JohnJack
Choose between 'John' and 'Jack'
> JohnJack
Choose between 'John' and 'Jack'
> JohnJack
Choose between 'John' and 'Jack'
> Jack
|||||||||||||||||||||
Jack's turn!
3
||||||||||||||||||
John's turn!
> 4
Possible values: '1', '2' or '3'
> a
Possible values: '1', '2' or '3'
> 0
Possible values: '1', '2' or '3'
> -1
Possible values: '1', '2' or '3'
> _
Possible values: '1', '2' or '3'
> |
Possible values: '1', '2' or '3'
> |||||
Possible values: '1', '2' or '3'
> 2
||||||||||||||||
Jack's turn!
3
|||||||||||||
John's turn!
> 4
Possible values: '1', '2' or '3'
> a
Possible values: '1', '2' or '3'
> 0
Possible values: '1', '2' or '3'
> -1
Possible values: '1', '2' or '3'
> _
Possible values: '1', '2' or '3'
> |
Possible values: '1', '2' or '3'
> |||||
Possible values: '1', '2' or '3'
> 2
|||||||||||
Jack's turn!
2
|||||||||
John's turn!
> 4
Possible values: '1', '2' or '3'
> a
Possible values: '1', '2' or '3'
> 0
Possible values: '1', '2' or '3'
> -1
Possible values: '1', '2' or '3'
> _
Possible values: '1', '2' or '3'
> |
Possible values: '1', '2' or '3'
> |||||
Possible values: '1', '2' or '3'
> 2
|||||||
Jack's turn!
2
|||||
John's turn!
> 4
Possible values: '1', '2' or '3'
> a
Possible values: '1', '2' or '3'
> 0
Possible values: '1', '2' or '3'
> -1
Possible values: '1', '2' or '3'
> _
Possible values: '1', '2' or '3'
> |
Possible values: '1', '2' or '3'
> |||||
Possible values: '1', '2' or '3'
> 3
||
Jack's turn!
1
|
John's turn!
> 4
Possible values: '1', '2' or '3'
> a
Possible values: '1', '2' or '3'
> 0
Possible values: '1', '2' or '3'
> -1
Possible values: '1', '2' or '3'
> _
Possible values: '1', '2' or '3'
> |
Possible values: '1', '2' or '3'
> |||||
Possible values: '1', '2' or '3'
> 3
Too many pencils were taken
> 1
Jack won!
?[1;31m
Start test 32?[0m
How many pencils would you like to use:
> 101
Who will be the first (John, Jack):
> JohnJack
Choose between 'John' and 'Jack'
> JohnJack
Choose between 'John' and 'Jack'
> JohnJack
Choose between 'John' and 'Jack'
> JohnJack
Choose between 'John' and 'Jack'
> JohnJack
Choose between 'John' and 'Jack'
> Jack
|||||||||||||||||||||||||||||||||||||||||||||||||||||||||||||||||||||||||||||||||||||||||||||||||||||
Jack's turn!
1
||||||||||||||||||||||||||||||||||||||||||||||||||||||||||||||||||||||||||||||||||||||||||||||||||||
John's turn!
> 4
Possible values: '1', '2' or '3'
> a
Possible values: '1', '2' or '3'
> 0
Possible values: '1', '2' or '3'
> -1
Possible values: '1', '2' or '3'
> _
Possible values: '1', '2' or '3'
> |
Possible values: '1', '2' or '3'
> |||||
Possible values: '1', '2' or '3'
> 2
||||||||||||||||||||||||||||||||||||||||||||||||||||||||||||||||||||||||||||||||||||||||||||||||||
Jack's turn!
1
|||||||||||||||||||||||||||||||||||||||||||||||||||||||||||||||||||||||||||||||||||||||||||||||||
John's turn!
> 4
Possible values: '1', '2' or '3'
> a
Possible values: '1', '2' or '3'
> 0
Possible values: '1', '2' or '3'
> -1
Possible values: '1', '2' or '3'
> _
Possible values: '1', '2' or '3'
> |
Possible values: '1', '2' or '3'
> |||||
Possible values: '1', '2' or '3'
> 2
|||||||||||||||||||||||||||||||||||||||||||||||||||||||||||||||||||||||||||||||||||||||||||||||
Jack's turn!
2
|||||||||||||||||||||||||||||||||||||||||||||||||||||||||||||||||||||||||||||||||||||||||||||
John's turn!
> 4
Possible values: '1', '2' or '3'
> a
Possible values: '1', '2' or '3'
> 0
Possible values: '1', '2' or '3'
> -1
Possible values: '1', '2' or '3'
> _
Possible values: '1', '2' or '3'
> |
Possible values: '1', '2' or '3'
> |||||
Possible values: '1', '2' or '3'
> 2
|||||||||||||||||||||||||||||||||||||||||||||||||||||||||||||||||||||||||||||||||||||||||||
Jack's turn!
2
|||||||||||||||||||||||||||||||||||||||||||||||||||||||||||||||||||||||||||||||||||||||||
John's turn!
> 4
Possible values: '1', '2' or '3'
> a
Possible values: '1', '2' or '3'
> 0
Possible values: '1', '2' or '3'
> -1
Possible values: '1', '2' or '3'
> _
Possible values: '1', '2' or '3'
> |
Possible values: '1', '2' or '3'
> |||||
Possible values: '1', '2' or '3'
> 1
||||||||||||||||||||||||||||||||||||||||||||||||||||||||||||||||||||||||||||||||||||||||
Jack's turn!
3
|||||||||||||||||||||||||||||||||||||||||||||||||||||||||||||||||||||||||||||||||||||
John's turn!
> 4
Possible values: '1', '2' or '3'
> a
Possible values: '1', '2' or '3'
> 0
Possible values: '1', '2' or '3'
> -1
Possible values: '1', '2' or '3'
> _
Possible values: '1', '2' or '3'
> |
Possible values: '1', '2' or '3'
> |||||
Possible values: '1', '2' or '3'
> 1
||||||||||||||||||||||||||||||||||||||||||||||||||||||||||||||||||||||||||||||||||||
Jack's turn!
3
|||||||||||||||||||||||||||||||||||||||||||||||||||||||||||||||||||||||||||||||||
John's turn!
> 4
Possible values: '1', '2' or '3'
> a
Possible values: '1', '2' or '3'
> 0
Possible values: '1', '2' or '3'
> -1
Possible values: '1', '2' or '3'
> _
Possible values: '1', '2' or '3'
> |
Possible values: '1', '2' or '3'
> |||||
Possible values: '1', '2' or '3'
> 1
||||||||||||||||||||||||||||||||||||||||||||||||||||||||||||||||||||||||||||||||
Jack's turn!
3
|||||||||||||||||||||||||||||||||||||||||||||||||||||||||||||||||||||||||||||
John's turn!
> 4
Possible values: '1', '2' or '3'
> a
Possible values: '1', '2' or '3'
> 0
Possible values: '1', '2' or '3'
> -1
Possible values: '1', '2' or '3'
> _
Possible values: '1', '2' or '3'
> |
Possible values: '1', '2' or '3'
> |||||
Possible values: '1', '2' or '3'
> 2
|||||||||||||||||||||||||||||||||||||||||||||||||||||||||||||||||||||||||||
Jack's turn!
2
|||||||||||||||||||||||||||||||||||||||||||||||||||||||||||||||||||||||||
John's turn!
> 4
Possible values: '1', '2' or '3'
> a
Possible values: '1', '2' or '3'
> 0
Possible values: '1', '2' or '3'
> -1
Possible values: '1', '2' or '3'
> _
Possible values: '1', '2' or '3'
> |
Possible values: '1', '2' or '3'
> |||||
Possible values: '1', '2' or '3'
> 2
|||||||||||||||||||||||||||||||||||||||||||||||||||||||||||||||||||||||
Jack's turn!
2
|||||||||||||||||||||||||||||||||||||||||||||||||||||||||||||||||||||
John's turn!
> 4
Possible values: '1', '2' or '3'
> a
Possible values: '1', '2' or '3'
> 0
Possible values: '1', '2' or '3'
> -1
Possible values: '1', '2' or '3'
> _
Possible values: '1', '2' or '3'
> |
Possible values: '1', '2' or '3'
> |||||
Possible values: '1', '2' or '3'
> 1
||||||||||||||||||||||||||||||||||||||||||||||||||||||||||||||||||||
Jack's turn!
3
|||||||||||||||||||||||||||||||||||||||||||||||||||||||||||||||||
John's turn!
> 4
Possible values: '1', '2' or '3'
> a
Possible values: '1', '2' or '3'
> 0
Possible values: '1', '2' or '3'
> -1
Possible values: '1', '2' or '3'
> _
Possible values: '1', '2' or '3'
> |
Possible values: '1', '2' or '3'
> |||||
Possible values: '1', '2' or '3'
> 3
||||||||||||||||||||||||||||||||||||||||||||||||||||||||||||||
Jack's turn!
1
|||||||||||||||||||||||||||||||||||||||||||||||||||||||||||||
John's turn!
> 4
Possible values: '1', '2' or '3'
> a
Possible values: '1', '2' or '3'
> 0
Possible values: '1', '2' or '3'
> -1
Possible values: '1', '2' or '3'
> _
Possible values: '1', '2' or '3'
> |
Possible values: '1', '2' or '3'
> |||||
Possible values: '1', '2' or '3'
> 2
|||||||||||||||||||||||||||||||||||||||||||||||||||||||||||
Jack's turn!
2
|||||||||||||||||||||||||||||||||||||||||||||||||||||||||
John's turn!
> 4
Possible values: '1', '2' or '3'
> a
Possible values: '1', '2' or '3'
> 0
Possible values: '1', '2' or '3'
> -1
Possible values: '1', '2' or '3'
> _
Possible values: '1', '2' or '3'
> |
Possible values: '1', '2' or '3'
> |||||
Possible values: '1', '2' or '3'
> 3
||||||||||||||||||||||||||||||||||||||||||||||||||||||
Jack's turn!
1
|||||||||||||||||||||||||||||||||||||||||||||||||||||
John's turn!
> 4
Possible values: '1', '2' or '3'
> a
Possible values: '1', '2' or '3'
> 0
Possible values: '1', '2' or '3'
> -1
Possible values: '1', '2' or '3'
> _
Possible values: '1', '2' or '3'
> |
Possible values: '1', '2' or '3'
> |||||
Possible values: '1', '2' or '3'
> 1
||||||||||||||||||||||||||||||||||||||||||||||||||||
Jack's turn!
3
|||||||||||||||||||||||||||||||||||||||||||||||||
John's turn!
> 4
Possible values: '1', '2' or '3'
> a
Possible values: '1', '2' or '3'
> 0
Possible values: '1', '2' or '3'
> -1
Possible values: '1', '2' or '3'
> _
Possible values: '1', '2' or '3'
> |
Possible values: '1', '2' or '3'
> |||||
Possible values: '1', '2' or '3'
> 2
|||||||||||||||||||||||||||||||||||||||||||||||
Jack's turn!
2
|||||||||||||||||||||||||||||||||||||||||||||
John's turn!
> 4
Possible values: '1', '2' or '3'
> a
Possible values: '1', '2' or '3'
> 0
Possible values: '1', '2' or '3'
> -1
Possible values: '1', '2' or '3'
> _
Possible values: '1', '2' or '3'
> |
Possible values: '1', '2' or '3'
> |||||
Possible values: '1', '2' or '3'
> 3
||||||||||||||||||||||||||||||||||||||||||
Jack's turn!
1
|||||||||||||||||||||||||||||||||||||||||
John's turn!
> 4
Possible values: '1', '2' or '3'
> a
Possible values: '1', '2' or '3'
> 0
Possible values: '1', '2' or '3'
> -1
Possible values: '1', '2' or '3'
> _
Possible values: '1', '2' or '3'
> |
Possible values: '1', '2' or '3'
> |||||
Possible values: '1', '2' or '3'
> 2
|||||||||||||||||||||||||||||||||||||||
Jack's turn!
2
|||||||||||||||||||||||||||||||||||||
John's turn!
> 4
Possible values: '1', '2' or '3'
> a
Possible values: '1', '2' or '3'
> 0
Possible values: '1', '2' or '3'
> -1
Possible values: '1', '2' or '3'
> _
Possible values: '1', '2' or '3'
> |
Possible values: '1', '2' or '3'
> |||||
Possible values: '1', '2' or '3'
> 3
||||||||||||||||||||||||||||||||||
Jack's turn!
1
|||||||||||||||||||||||||||||||||
John's turn!
> 4
Possible values: '1', '2' or '3'
> a
Possible values: '1', '2' or '3'
> 0
Possible values: '1', '2' or '3'
> -1
Possible values: '1', '2' or '3'
> _
Possible values: '1', '2' or '3'
> |
Possible values: '1', '2' or '3'
> |||||
Possible values: '1', '2' or '3'
> 1
||||||||||||||||||||||||||||||||
Jack's turn!
3
|||||||||||||||||||||||||||||
John's turn!
> 4
Possible values: '1', '2' or '3'
> a
Possible values: '1', '2' or '3'
> 0
Possible values: '1', '2' or '3'
> -1
Possible values: '1', '2' or '3'
> _
Possible values: '1', '2' or '3'
> |
Possible values: '1', '2' or '3'
> |||||
Possible values: '1', '2' or '3'
> 3
||||||||||||||||||||||||||
Jack's turn!
1
|||||||||||||||||||||||||
John's turn!
> 4
Possible values: '1', '2' or '3'
> a
Possible values: '1', '2' or '3'
> 0
Possible values: '1', '2' or '3'
> -1
Possible values: '1', '2' or '3'
> _
Possible values: '1', '2' or '3'
> |
Possible values: '1', '2' or '3'
> |||||
Possible values: '1', '2' or '3'
> 1
||||||||||||||||||||||||
Jack's turn!
3
|||||||||||||||||||||
John's turn!
> 4
Possible values: '1', '2' or '3'
> a
Possible values: '1', '2' or '3'
> 0
Possible values: '1', '2' or '3'
> -1
Possible values: '1', '2' or '3'
> _
Possible values: '1', '2' or '3'
> |
Possible values: '1', '2' or '3'
> |||||
Possible values: '1', '2' or '3'
> 3
||||||||||||||||||
Jack's turn!
1
|||||||||||||||||
John's turn!
> 4
Possible values: '1', '2' or '3'
> a
Possible values: '1', '2' or '3'
> 0
Possible values: '1', '2' or '3'
> -1
Possible values: '1', '2' or '3'
> _
Possible values: '1', '2' or '3'
> |
Possible values: '1', '2' or '3'
> |||||
Possible values: '1', '2' or '3'
> 3
||||||||||||||
Jack's turn!
1
|||||||||||||
John's turn!
> 4
Possible values: '1', '2' or '3'
> a
Possible values: '1', '2' or '3'
> 0
Possible values: '1', '2' or '3'
> -1
Possible values: '1', '2' or '3'
> _
Possible values: '1', '2' or '3'
> |
Possible values: '1', '2' or '3'
> |||||
Possible values: '1', '2' or '3'
> 1
||||||||||||
Jack's turn!
3
|||||||||
John's turn!
> 4
Possible values: '1', '2' or '3'
> a
Possible values: '1', '2' or '3'
> 0
Possible values: '1', '2' or '3'
> -1
Possible values: '1', '2' or '3'
> _
Possible values: '1', '2' or '3'
> |
Possible values: '1', '2' or '3'
> |||||
Possible values: '1', '2' or '3'
> 1
||||||||
Jack's turn!
3
|||||
John's turn!
> 4
Possible values: '1', '2' or '3'
> a
Possible values: '1', '2' or '3'
> 0
Possible values: '1', '2' or '3'
> -1
Possible values: '1', '2' or '3'
> _
Possible values: '1', '2' or '3'
> |
Possible values: '1', '2' or '3'
> |||||
Possible values: '1', '2' or '3'
> 1
||||
Jack's turn!
3
|
John's turn!
> 4
Possible values: '1', '2' or '3'
> a
Possible values: '1', '2' or '3'
> 0
Possible values: '1', '2' or '3'
> -1
Possible values: '1', '2' or '3'
> _
Possible values: '1', '2' or '3'
> |
Possible values: '1', '2' or '3'
> |||||
Possible values: '1', '2' or '3'
> 1
Jack won!
?[1;31m
Start test 33?[0m
How many pencils would you like to use:
> 0
The number of pencils should be positive
> 0
The number of pencils should be positive
> 0
The number of pencils should be positive
> 0
The number of pencils should be positive
> 0
The number of pencils should be positive
]]></system-out>
  <system-err><![CDATA[]]></system-err>
</testsuite>
